This file contains any messages produced by compilers while
running configure, to aid debugging if configure makes a mistake.

It was created by libpng configure 1.7.0beta89, which was
generated by GNU Autoconf 2.69.  Invocation command line was

  $ ./configure --with-pic --with-sysroot=/home/NDK/FFMPEG/Car-eye-FFMPEG/toolchain-android/sysroot --host=x86 --enable-static --disable-shared --prefix=/home/NDK/FFMPEG/Car-eye-FFMPEG/toolchain-android --enable-arm-neon=no --disable-shared

## --------- ##
## Platform. ##
## --------- ##

hostname = ubuntu
uname -m = x86_64
uname -r = 3.8.0-29-generic
uname -s = Linux
uname -v = #42~precise1-Ubuntu SMP Wed Aug 14 16:19:23 UTC 2013

/usr/bin/uname -p = unknown
/bin/uname -X     = unknown

/bin/arch              = unknown
/usr/bin/arch -k       = unknown
/usr/convex/getsysinfo = unknown
/usr/bin/hostinfo      = unknown
/bin/machine           = unknown
/usr/bin/oslevel       = unknown
/bin/universe          = unknown

PATH: /home/NDK/android-ndk-r10e
PATH: /usr/lib/lightdm/lightdm
PATH: /usr/local/sbin
PATH: /usr/local/bin
PATH: /usr/sbin
PATH: /usr/bin
PATH: /sbin
PATH: /bin
PATH: /usr/games
PATH: /usr/lib/sunJVM/JDK/jdk1.6.0_43/bin


## ----------- ##
## Core tests. ##
## ----------- ##

configure:2375: checking for a BSD-compatible install
configure:2443: result: /usr/bin/install -c
configure:2454: checking whether build environment is sane
configure:2509: result: yes
configure:2568: checking for x86-strip
configure:2595: result: /home/NDK/FFMPEG/Car-eye-FFMPEG/toolchain-android/bin/i686-linux-android-strip
configure:2660: checking for a thread-safe mkdir -p
configure:2699: result: /bin/mkdir -p
configure:2706: checking for gawk
configure:2722: found /usr/bin/gawk
configure:2733: result: gawk
configure:2744: checking whether make sets $(MAKE)
configure:2766: result: yes
configure:2795: checking whether make supports nested variables
configure:2812: result: yes
configure:2942: checking whether to enable maintainer-specific portions of Makefiles
configure:2951: result: no
configure:2991: checking for x86-gcc
configure:3018: result: /home/NDK/FFMPEG/Car-eye-FFMPEG/toolchain-android/bin/i686-linux-android-gcc --sysroot=/home/NDK/FFMPEG/Car-eye-FFMPEG/toolchain-android/sysroot
configure:3287: checking for C compiler version
configure:3296: /home/NDK/FFMPEG/Car-eye-FFMPEG/toolchain-android/bin/i686-linux-android-gcc --sysroot=/home/NDK/FFMPEG/Car-eye-FFMPEG/toolchain-android/sysroot --version >&5
i686-linux-android-gcc (GCC) 4.9 20140827 (prerelease)
Copyright (C) 2014 Free Software Foundation, Inc.
This is free software; see the source for copying conditions.  There is NO
warranty; not even for MERCHANTABILITY or FITNESS FOR A PARTICULAR PURPOSE.

configure:3307: $? = 0
configure:3296: /home/NDK/FFMPEG/Car-eye-FFMPEG/toolchain-android/bin/i686-linux-android-gcc --sysroot=/home/NDK/FFMPEG/Car-eye-FFMPEG/toolchain-android/sysroot -v >&5
Using built-in specs.
COLLECT_GCC=/home/NDK/FFMPEG/Car-eye-FFMPEG/toolchain-android/bin/i686-linux-android-gcc
COLLECT_LTO_WRAPPER=/home/NDK/FFMPEG/Car-eye-FFMPEG/toolchain-android/bin/../libexec/gcc/i686-linux-android/4.9/lto-wrapper
Target: i686-linux-android
Configured with: /s/ndk-toolchain/src/build/../gcc/gcc-4.9/configure --prefix=/tmp/ndk-andrewhsieh/build/toolchain/prefix --target=i686-linux-android --host=x86_64-linux-gnu --build=x86_64-linux-gnu --with-gnu-as --with-gnu-ld --enable-languages=c,c++ --with-gmp=/tmp/ndk-andrewhsieh/build/toolchain/temp-install --with-mpfr=/tmp/ndk-andrewhsieh/build/toolchain/temp-install --with-mpc=/tmp/ndk-andrewhsieh/build/toolchain/temp-install --with-cloog=/tmp/ndk-andrewhsieh/build/toolchain/temp-install --with-isl=/tmp/ndk-andrewhsieh/build/toolchain/temp-install --with-ppl=/tmp/ndk-andrewhsieh/build/toolchain/temp-install --disable-ppl-version-check --disable-cloog-version-check --disable-isl-version-check --enable-cloog-backend=isl --with-host-libstdcxx='-static-libgcc -Wl,-Bstatic,-lstdc++,-Bdynamic -lm' --disable-libssp --enable-threads --disable-nls --disable-libmudflap --disable-libgomp --disable-libstdc__-v3 --disable-sjlj-exceptions --disable-shared --disable-tls --disable-libitm --with-arch=i686 --with-tune=intel --with-fpmath=sse --enable-initfini-array --disable-nls --prefix=/tmp/ndk-andrewhsieh/build/toolchain/prefix --with-sysroot=/tmp/ndk-andrewhsieh/build/toolchain/prefix/sysroot --with-binutils-version=2.25 --with-mpfr-version=3.1.1 --with-mpc-version=1.0.1 --with-gmp-version=5.0.5 --with-gcc-version=4.9 --with-gdb-version=7.7 --with-python=/usr/local/google/home/andrewhsieh/mydroid/ndk/prebuilt/linux-x86_64/bin/python-config.sh --with-gxx-include-dir=/tmp/ndk-andrewhsieh/build/toolchain/prefix/include/c++/4.9 --with-bugurl=http://source.android.com/source/report-bugs.html --enable-languages=c,c++ --disable-bootstrap --enable-plugins --enable-libgomp --enable-gnu-indirect-function --disable-libcilkrts --disable-libsanitizer --enable-gold --enable-threads --enable-graphite=yes --with-cloog-version=0.18.0 --with-isl-version=0.11.1 --enable-eh-frame-hdr-for-static --program-transform-name='s&^&i686-linux-android-&' --enable-gold=default
Thread model: posix
gcc version 4.9 20140827 (prerelease) (GCC) 
configure:3307: $? = 0
configure:3296: /home/NDK/FFMPEG/Car-eye-FFMPEG/toolchain-android/bin/i686-linux-android-gcc --sysroot=/home/NDK/FFMPEG/Car-eye-FFMPEG/toolchain-android/sysroot -V >&5
i686-linux-android-gcc: error: unrecognized command line option '-V'
i686-linux-android-gcc: fatal error: no input files
compilation terminated.
configure:3307: $? = 1
configure:3296: /home/NDK/FFMPEG/Car-eye-FFMPEG/toolchain-android/bin/i686-linux-android-gcc --sysroot=/home/NDK/FFMPEG/Car-eye-FFMPEG/toolchain-android/sysroot -qversion >&5
i686-linux-android-gcc: error: unrecognized command line option '-qversion'
i686-linux-android-gcc: fatal error: no input files
compilation terminated.
configure:3307: $? = 1
configure:3327: checking whether the C compiler works
configure:3349: /home/NDK/FFMPEG/Car-eye-FFMPEG/toolchain-android/bin/i686-linux-android-gcc --sysroot=/home/NDK/FFMPEG/Car-eye-FFMPEG/toolchain-android/sysroot    conftest.c  >&5
configure:3353: $? = 0
configure:3401: result: yes
configure:3404: checking for C compiler default output file name
configure:3406: result: a.out
configure:3412: checking for suffix of executables
configure:3419: /home/NDK/FFMPEG/Car-eye-FFMPEG/toolchain-android/bin/i686-linux-android-gcc --sysroot=/home/NDK/FFMPEG/Car-eye-FFMPEG/toolchain-android/sysroot -o conftest    conftest.c  >&5
configure:3423: $? = 0
configure:3445: result: 
configure:3467: checking whether we are cross compiling
configure:3475: /home/NDK/FFMPEG/Car-eye-FFMPEG/toolchain-android/bin/i686-linux-android-gcc --sysroot=/home/NDK/FFMPEG/Car-eye-FFMPEG/toolchain-android/sysroot -o conftest    conftest.c  >&5
configure:3479: $? = 0
configure:3486: ./conftest
./configure: line 3488: ./conftest: No such file or directory
configure:3490: $? = 127
configure:3505: result: yes
configure:3510: checking for suffix of object files
configure:3532: /home/NDK/FFMPEG/Car-eye-FFMPEG/toolchain-android/bin/i686-linux-android-gcc --sysroot=/home/NDK/FFMPEG/Car-eye-FFMPEG/toolchain-android/sysroot -c   conftest.c >&5
configure:3536: $? = 0
configure:3557: result: o
configure:3561: checking whether we are using the GNU C compiler
configure:3580: /home/NDK/FFMPEG/Car-eye-FFMPEG/toolchain-android/bin/i686-linux-android-gcc --sysroot=/home/NDK/FFMPEG/Car-eye-FFMPEG/toolchain-android/sysroot -c   conftest.c >&5
configure:3580: $? = 0
configure:3589: result: yes
configure:3598: checking whether /home/NDK/FFMPEG/Car-eye-FFMPEG/toolchain-android/bin/i686-linux-android-gcc --sysroot=/home/NDK/FFMPEG/Car-eye-FFMPEG/toolchain-android/sysroot accepts -g
configure:3618: /home/NDK/FFMPEG/Car-eye-FFMPEG/toolchain-android/bin/i686-linux-android-gcc --sysroot=/home/NDK/FFMPEG/Car-eye-FFMPEG/toolchain-android/sysroot -c -g  conftest.c >&5
configure:3618: $? = 0
configure:3659: result: yes
configure:3676: checking for /home/NDK/FFMPEG/Car-eye-FFMPEG/toolchain-android/bin/i686-linux-android-gcc --sysroot=/home/NDK/FFMPEG/Car-eye-FFMPEG/toolchain-android/sysroot option to accept ISO C89
configure:3739: /home/NDK/FFMPEG/Car-eye-FFMPEG/toolchain-android/bin/i686-linux-android-gcc --sysroot=/home/NDK/FFMPEG/Car-eye-FFMPEG/toolchain-android/sysroot  -c -g -O2  conftest.c >&5
configure:3739: $? = 0
configure:3752: result: none needed
configure:3777: checking whether /home/NDK/FFMPEG/Car-eye-FFMPEG/toolchain-android/bin/i686-linux-android-gcc --sysroot=/home/NDK/FFMPEG/Car-eye-FFMPEG/toolchain-android/sysroot understands -c and -o together
configure:3799: /home/NDK/FFMPEG/Car-eye-FFMPEG/toolchain-android/bin/i686-linux-android-gcc --sysroot=/home/NDK/FFMPEG/Car-eye-FFMPEG/toolchain-android/sysroot -c conftest.c -o conftest2.o
configure:3802: $? = 0
configure:3799: /home/NDK/FFMPEG/Car-eye-FFMPEG/toolchain-android/bin/i686-linux-android-gcc --sysroot=/home/NDK/FFMPEG/Car-eye-FFMPEG/toolchain-android/sysroot -c conftest.c -o conftest2.o
configure:3802: $? = 0
configure:3814: result: yes
configure:3842: checking for style of include used by make
configure:3870: result: GNU
configure:3896: checking dependency style of /home/NDK/FFMPEG/Car-eye-FFMPEG/toolchain-android/bin/i686-linux-android-gcc --sysroot=/home/NDK/FFMPEG/Car-eye-FFMPEG/toolchain-android/sysroot
configure:4007: result: gcc3
configure:4031: checking dependency style of /home/NDK/FFMPEG/Car-eye-FFMPEG/toolchain-android/bin/i686-linux-android-gcc --sysroot=/home/NDK/FFMPEG/Car-eye-FFMPEG/toolchain-android/sysroot
configure:4140: result: gcc3
configure:4159: checking build system type
configure:4173: result: x86_64-unknown-linux-gnu
configure:4193: checking host system type
configure:4206: result: x86-unknown-none
configure:4226: checking for a sed that does not truncate output
configure:4290: result: /bin/sed
configure:4308: checking for grep that handles long lines and -e
configure:4366: result: /bin/grep
configure:4371: checking for egrep
configure:4433: result: /bin/grep -E
configure:4438: checking for fgrep
configure:4500: result: /bin/grep -F
configure:4527: checking how to print strings
configure:4554: result: printf
configure:4587: checking for ld used by /home/NDK/FFMPEG/Car-eye-FFMPEG/toolchain-android/bin/i686-linux-android-gcc --sysroot=/home/NDK/FFMPEG/Car-eye-FFMPEG/toolchain-android/sysroot
configure:4654: result: /home/NDK/FFMPEG/Car-eye-FFMPEG/toolchain-android/bin/i686-linux-android-ld
configure:4661: checking if the linker (/home/NDK/FFMPEG/Car-eye-FFMPEG/toolchain-android/bin/i686-linux-android-ld) is GNU ld
configure:4676: result: yes
configure:4693: checking how to run the C preprocessor
configure:4763: result: /home/NDK/FFMPEG/Car-eye-FFMPEG/toolchain-android/bin/i686-linux-android-cpp
configure:4783: /home/NDK/FFMPEG/Car-eye-FFMPEG/toolchain-android/bin/i686-linux-android-cpp  conftest.c
configure:4783: $? = 0
configure:4797: /home/NDK/FFMPEG/Car-eye-FFMPEG/toolchain-android/bin/i686-linux-android-cpp  conftest.c
conftest.c:11:28: fatal error: ac_nonexistent.h: No such file or directory
 #include <ac_nonexistent.h>
                            ^
compilation terminated.
configure:4797: $? = 1
configure: failed program was:
| /* confdefs.h */
| #define PACKAGE_NAME "libpng"
| #define PACKAGE_TARNAME "libpng"
| #define PACKAGE_VERSION "1.7.0beta89"
| #define PACKAGE_STRING "libpng 1.7.0beta89"
| #define PACKAGE_BUGREPORT "png-mng-implement@lists.sourceforge.net"
| #define PACKAGE_URL ""
| #define PACKAGE "libpng"
| #define VERSION "1.7.0beta89"
| /* end confdefs.h.  */
| #include <ac_nonexistent.h>
configure:4829: checking for gawk
configure:4856: result: gawk
configure:4868: checking whether ln -s works
configure:4872: result: yes
configure:4879: checking whether make sets $(MAKE)
configure:4901: result: yes
configure:4953: checking for BSD- or MS-compatible name lister (nm)
configure:5007: result: /home/NDK/FFMPEG/Car-eye-FFMPEG/toolchain-android/bin/i686-linux-android-nm
configure:5137: checking the name lister (/home/NDK/FFMPEG/Car-eye-FFMPEG/toolchain-android/bin/i686-linux-android-nm) interface
configure:5144: /home/NDK/FFMPEG/Car-eye-FFMPEG/toolchain-android/bin/i686-linux-android-gcc --sysroot=/home/NDK/FFMPEG/Car-eye-FFMPEG/toolchain-android/sysroot -c -g -O2  conftest.c >&5
configure:5147: /home/NDK/FFMPEG/Car-eye-FFMPEG/toolchain-android/bin/i686-linux-android-nm "conftest.o"
configure:5150: output
00000000 B some_variable
configure:5157: result: BSD nm
configure:5161: checking the maximum length of command line arguments
configure:5292: result: 1572864
configure:5340: checking how to convert x86_64-unknown-linux-gnu file names to x86-unknown-none format
configure:5380: result: func_convert_file_noop
configure:5387: checking how to convert x86_64-unknown-linux-gnu file names to toolchain format
configure:5407: result: func_convert_file_noop
configure:5414: checking for /home/NDK/FFMPEG/Car-eye-FFMPEG/toolchain-android/bin/i686-linux-android-ld option to reload object files
configure:5421: result: -r
configure:5455: checking for x86-objdump
configure:5482: result: /home/NDK/FFMPEG/Car-eye-FFMPEG/toolchain-android/bin/i686-linux-android-objdump
configure:5551: checking how to recognize dependent libraries
configure:5751: result: unknown
configure:5796: checking for x86-dlltool
configure:5826: result: no
configure:5836: checking for dlltool
configure:5866: result: no
configure:5893: checking how to associate runtime and link libraries
configure:5920: result: printf %s\n
configure:5937: checking for x86-ar
configure:5964: result: /home/NDK/FFMPEG/Car-eye-FFMPEG/toolchain-android/bin/i686-linux-android-ar
configure:6045: checking for archiver @FILE support
configure:6062: /home/NDK/FFMPEG/Car-eye-FFMPEG/toolchain-android/bin/i686-linux-android-gcc --sysroot=/home/NDK/FFMPEG/Car-eye-FFMPEG/toolchain-android/sysroot -c -g -O2  conftest.c >&5
configure:6062: $? = 0
configure:6065: /home/NDK/FFMPEG/Car-eye-FFMPEG/toolchain-android/bin/i686-linux-android-ar cru libconftest.a @conftest.lst >&5
configure:6068: $? = 0
configure:6073: /home/NDK/FFMPEG/Car-eye-FFMPEG/toolchain-android/bin/i686-linux-android-ar cru libconftest.a @conftest.lst >&5
/home/NDK/FFMPEG/Car-eye-FFMPEG/toolchain-android/bin/i686-linux-android-ar: conftest.o: No such file or directory
configure:6076: $? = 1
configure:6088: result: @
configure:6106: checking for x86-strip
configure:6133: result: /home/NDK/FFMPEG/Car-eye-FFMPEG/toolchain-android/bin/i686-linux-android-strip
configure:6205: checking for x86-ranlib
configure:6232: result: /home/NDK/FFMPEG/Car-eye-FFMPEG/toolchain-android/bin/i686-linux-android-ranlib
configure:6374: checking command to parse /home/NDK/FFMPEG/Car-eye-FFMPEG/toolchain-android/bin/i686-linux-android-nm output from /home/NDK/FFMPEG/Car-eye-FFMPEG/toolchain-android/bin/i686-linux-android-gcc --sysroot=/home/NDK/FFMPEG/Car-eye-FFMPEG/toolchain-android/sysroot object
configure:6527: /home/NDK/FFMPEG/Car-eye-FFMPEG/toolchain-android/bin/i686-linux-android-gcc --sysroot=/home/NDK/FFMPEG/Car-eye-FFMPEG/toolchain-android/sysroot -c -g -O2  conftest.c >&5
configure:6530: $? = 0
configure:6534: /home/NDK/FFMPEG/Car-eye-FFMPEG/toolchain-android/bin/i686-linux-android-nm conftest.o \| sed -n -e 's/^.*[ ]\([ABCDGIRSTW][ABCDGIRSTW]*\)[ ][ ]*\([_A-Za-z][_A-Za-z0-9]*\)$/\1 \2 \2/p' | sed '/ __gnu_lto/d' \> conftest.nm
configure:6537: $? = 0
configure:6603: /home/NDK/FFMPEG/Car-eye-FFMPEG/toolchain-android/bin/i686-linux-android-gcc --sysroot=/home/NDK/FFMPEG/Car-eye-FFMPEG/toolchain-android/sysroot -o conftest -g -O2   conftest.c conftstm.o >&5
configure:6606: $? = 0
configure:6644: result: ok
configure:6691: checking for sysroot
configure:6721: result: /home/NDK/FFMPEG/Car-eye-FFMPEG/toolchain-android/sysroot
configure:6728: checking for a working dd
configure:6766: result: /bin/dd
configure:6770: checking how to truncate binary pipes
configure:6785: result: /bin/dd bs=4096 count=1
configure:7074: checking for x86-mt
configure:7104: result: no
configure:7114: checking for mt
configure:7130: found /bin/mt
configure:7141: result: mt
configure:7153: WARNING: using cross tools not prefixed with host triplet
configure:7164: checking if mt is a manifest tool
configure:7170: mt '-?'
configure:7178: result: no
configure:7851: checking for ANSI C header files
configure:7871: /home/NDK/FFMPEG/Car-eye-FFMPEG/toolchain-android/bin/i686-linux-android-gcc --sysroot=/home/NDK/FFMPEG/Car-eye-FFMPEG/toolchain-android/sysroot -c -g -O2  conftest.c >&5
configure:7871: $? = 0
configure:7955: result: yes
configure:7968: checking for sys/types.h
configure:7968: /home/NDK/FFMPEG/Car-eye-FFMPEG/toolchain-android/bin/i686-linux-android-gcc --sysroot=/home/NDK/FFMPEG/Car-eye-FFMPEG/toolchain-android/sysroot -c -g -O2  conftest.c >&5
configure:7968: $? = 0
configure:7968: result: yes
configure:7968: checking for sys/stat.h
configure:7968: /home/NDK/FFMPEG/Car-eye-FFMPEG/toolchain-android/bin/i686-linux-android-gcc --sysroot=/home/NDK/FFMPEG/Car-eye-FFMPEG/toolchain-android/sysroot -c -g -O2  conftest.c >&5
configure:7968: $? = 0
configure:7968: result: yes
configure:7968: checking for stdlib.h
configure:7968: /home/NDK/FFMPEG/Car-eye-FFMPEG/toolchain-android/bin/i686-linux-android-gcc --sysroot=/home/NDK/FFMPEG/Car-eye-FFMPEG/toolchain-android/sysroot -c -g -O2  conftest.c >&5
configure:7968: $? = 0
configure:7968: result: yes
configure:7968: checking for string.h
configure:7968: /home/NDK/FFMPEG/Car-eye-FFMPEG/toolchain-android/bin/i686-linux-android-gcc --sysroot=/home/NDK/FFMPEG/Car-eye-FFMPEG/toolchain-android/sysroot -c -g -O2  conftest.c >&5
configure:7968: $? = 0
configure:7968: result: yes
configure:7968: checking for memory.h
configure:7968: /home/NDK/FFMPEG/Car-eye-FFMPEG/toolchain-android/bin/i686-linux-android-gcc --sysroot=/home/NDK/FFMPEG/Car-eye-FFMPEG/toolchain-android/sysroot -c -g -O2  conftest.c >&5
configure:7968: $? = 0
configure:7968: result: yes
configure:7968: checking for strings.h
configure:7968: /home/NDK/FFMPEG/Car-eye-FFMPEG/toolchain-android/bin/i686-linux-android-gcc --sysroot=/home/NDK/FFMPEG/Car-eye-FFMPEG/toolchain-android/sysroot -c -g -O2  conftest.c >&5
configure:7968: $? = 0
configure:7968: result: yes
configure:7968: checking for inttypes.h
configure:7968: /home/NDK/FFMPEG/Car-eye-FFMPEG/toolchain-android/bin/i686-linux-android-gcc --sysroot=/home/NDK/FFMPEG/Car-eye-FFMPEG/toolchain-android/sysroot -c -g -O2  conftest.c >&5
configure:7968: $? = 0
configure:7968: result: yes
configure:7968: checking for stdint.h
configure:7968: /home/NDK/FFMPEG/Car-eye-FFMPEG/toolchain-android/bin/i686-linux-android-gcc --sysroot=/home/NDK/FFMPEG/Car-eye-FFMPEG/toolchain-android/sysroot -c -g -O2  conftest.c >&5
configure:7968: $? = 0
configure:7968: result: yes
configure:7968: checking for unistd.h
configure:7968: /home/NDK/FFMPEG/Car-eye-FFMPEG/toolchain-android/bin/i686-linux-android-gcc --sysroot=/home/NDK/FFMPEG/Car-eye-FFMPEG/toolchain-android/sysroot -c -g -O2  conftest.c >&5
configure:7968: $? = 0
configure:7968: result: yes
configure:7982: checking for dlfcn.h
configure:7982: /home/NDK/FFMPEG/Car-eye-FFMPEG/toolchain-android/bin/i686-linux-android-gcc --sysroot=/home/NDK/FFMPEG/Car-eye-FFMPEG/toolchain-android/sysroot -c -g -O2  conftest.c >&5
configure:7982: $? = 0
configure:7982: result: yes
configure:8536: checking for objdir
configure:8551: result: .libs
configure:8815: checking if /home/NDK/FFMPEG/Car-eye-FFMPEG/toolchain-android/bin/i686-linux-android-gcc --sysroot=/home/NDK/FFMPEG/Car-eye-FFMPEG/toolchain-android/sysroot supports -fno-rtti -fno-exceptions
configure:8833: /home/NDK/FFMPEG/Car-eye-FFMPEG/toolchain-android/bin/i686-linux-android-gcc --sysroot=/home/NDK/FFMPEG/Car-eye-FFMPEG/toolchain-android/sysroot -c -g -O2  -fno-rtti -fno-exceptions conftest.c >&5
cc1: warning: command line option '-fno-rtti' is valid for C++/ObjC++ but not for C
configure:8837: $? = 0
configure:8850: result: no
configure:9208: checking for /home/NDK/FFMPEG/Car-eye-FFMPEG/toolchain-android/bin/i686-linux-android-gcc --sysroot=/home/NDK/FFMPEG/Car-eye-FFMPEG/toolchain-android/sysroot option to produce PIC
configure:9215: result: -fPIC -DPIC
configure:9223: checking if /home/NDK/FFMPEG/Car-eye-FFMPEG/toolchain-android/bin/i686-linux-android-gcc --sysroot=/home/NDK/FFMPEG/Car-eye-FFMPEG/toolchain-android/sysroot PIC flag -fPIC -DPIC works
configure:9241: /home/NDK/FFMPEG/Car-eye-FFMPEG/toolchain-android/bin/i686-linux-android-gcc --sysroot=/home/NDK/FFMPEG/Car-eye-FFMPEG/toolchain-android/sysroot -c -g -O2  -fPIC -DPIC -DPIC conftest.c >&5
configure:9245: $? = 0
configure:9258: result: yes
configure:9287: checking if /home/NDK/FFMPEG/Car-eye-FFMPEG/toolchain-android/bin/i686-linux-android-gcc --sysroot=/home/NDK/FFMPEG/Car-eye-FFMPEG/toolchain-android/sysroot static flag -static works
configure:9315: result: yes
configure:9330: checking if /home/NDK/FFMPEG/Car-eye-FFMPEG/toolchain-android/bin/i686-linux-android-gcc --sysroot=/home/NDK/FFMPEG/Car-eye-FFMPEG/toolchain-android/sysroot supports -c -o file.o
configure:9351: /home/NDK/FFMPEG/Car-eye-FFMPEG/toolchain-android/bin/i686-linux-android-gcc --sysroot=/home/NDK/FFMPEG/Car-eye-FFMPEG/toolchain-android/sysroot -c -g -O2  -o out/conftest2.o conftest.c >&5
configure:9355: $? = 0
configure:9377: result: yes
configure:9385: checking if /home/NDK/FFMPEG/Car-eye-FFMPEG/toolchain-android/bin/i686-linux-android-gcc --sysroot=/home/NDK/FFMPEG/Car-eye-FFMPEG/toolchain-android/sysroot supports -c -o file.o
configure:9432: result: yes
configure:9465: checking whether the /home/NDK/FFMPEG/Car-eye-FFMPEG/toolchain-android/bin/i686-linux-android-gcc --sysroot=/home/NDK/FFMPEG/Car-eye-FFMPEG/toolchain-android/sysroot linker (/home/NDK/FFMPEG/Car-eye-FFMPEG/toolchain-android/bin/i686-linux-android-ld) supports shared libraries
configure:10724: result: yes
configure:10964: checking dynamic linker characteristics
configure:11782: result: no
configure:11904: checking how to hardcode library paths into programs
configure:11929: result: immediate
configure:12477: checking whether stripping libraries is possible
configure:12482: result: yes
configure:12517: checking if libtool supports shared libraries
configure:12519: result: no
configure:12522: checking whether to build shared libraries
configure:12547: result: no
configure:12550: checking whether to build static libraries
configure:12554: result: yes
configure:12595: checking that AWK works
configure:12601: result: ok
configure:12649: checking for ANSI C header files
configure:12753: result: yes
configure:12765: checking assert.h usability
configure:12765: /home/NDK/FFMPEG/Car-eye-FFMPEG/toolchain-android/bin/i686-linux-android-gcc --sysroot=/home/NDK/FFMPEG/Car-eye-FFMPEG/toolchain-android/sysroot -c -g -O2  conftest.c >&5
configure:12765: $? = 0
configure:12765: result: yes
configure:12765: checking assert.h presence
configure:12765: /home/NDK/FFMPEG/Car-eye-FFMPEG/toolchain-android/bin/i686-linux-android-cpp  conftest.c
configure:12765: $? = 0
configure:12765: result: yes
configure:12765: checking for assert.h
configure:12765: result: yes
configure:12765: checking for stdlib.h
configure:12765: result: yes
configure:12765: checking for string.h
configure:12765: result: yes
configure:12765: checking float.h usability
configure:12765: /home/NDK/FFMPEG/Car-eye-FFMPEG/toolchain-android/bin/i686-linux-android-gcc --sysroot=/home/NDK/FFMPEG/Car-eye-FFMPEG/toolchain-android/sysroot -c -g -O2  conftest.c >&5
configure:12765: $? = 0
configure:12765: result: yes
configure:12765: checking float.h presence
configure:12765: /home/NDK/FFMPEG/Car-eye-FFMPEG/toolchain-android/bin/i686-linux-android-cpp  conftest.c
configure:12765: $? = 0
configure:12765: result: yes
configure:12765: checking for float.h
configure:12765: result: yes
configure:12765: checking fp.h usability
configure:12765: /home/NDK/FFMPEG/Car-eye-FFMPEG/toolchain-android/bin/i686-linux-android-gcc --sysroot=/home/NDK/FFMPEG/Car-eye-FFMPEG/toolchain-android/sysroot -c -g -O2  conftest.c >&5
conftest.c:61:16: fatal error: fp.h: No such file or directory
 #include <fp.h>
                ^
compilation terminated.
configure:12765: $? = 1
configure: failed program was:
| /* confdefs.h */
| #define PACKAGE_NAME "libpng"
| #define PACKAGE_TARNAME "libpng"
| #define PACKAGE_VERSION "1.7.0beta89"
| #define PACKAGE_STRING "libpng 1.7.0beta89"
| #define PACKAGE_BUGREPORT "png-mng-implement@lists.sourceforge.net"
| #define PACKAGE_URL ""
| #define PACKAGE "libpng"
| #define VERSION "1.7.0beta89"
| #define STDC_HEADERS 1
| #define HAVE_SYS_TYPES_H 1
| #define HAVE_SYS_STAT_H 1
| #define HAVE_STDLIB_H 1
| #define HAVE_STRING_H 1
| #define HAVE_MEMORY_H 1
| #define HAVE_STRINGS_H 1
| #define HAVE_INTTYPES_H 1
| #define HAVE_STDINT_H 1
| #define HAVE_UNISTD_H 1
| #define HAVE_DLFCN_H 1
| #define LT_OBJDIR ".libs/"
| #define STDC_HEADERS 1
| #define HAVE_ASSERT_H 1
| #define HAVE_STDLIB_H 1
| #define HAVE_STRING_H 1
| #define HAVE_FLOAT_H 1
| /* end confdefs.h.  */
| #include <stdio.h>
| #ifdef HAVE_SYS_TYPES_H
| # include <sys/types.h>
| #endif
| #ifdef HAVE_SYS_STAT_H
| # include <sys/stat.h>
| #endif
| #ifdef STDC_HEADERS
| # include <stdlib.h>
| # include <stddef.h>
| #else
| # ifdef HAVE_STDLIB_H
| #  include <stdlib.h>
| # endif
| #endif
| #ifdef HAVE_STRING_H
| # if !defined STDC_HEADERS && defined HAVE_MEMORY_H
| #  include <memory.h>
| # endif
| # include <string.h>
| #endif
| #ifdef HAVE_STRINGS_H
| # include <strings.h>
| #endif
| #ifdef HAVE_INTTYPES_H
| # include <inttypes.h>
| #endif
| #ifdef HAVE_STDINT_H
| # include <stdint.h>
| #endif
| #ifdef HAVE_UNISTD_H
| # include <unistd.h>
| #endif
| #include <fp.h>
configure:12765: result: no
configure:12765: checking fp.h presence
configure:12765: /home/NDK/FFMPEG/Car-eye-FFMPEG/toolchain-android/bin/i686-linux-android-cpp  conftest.c
conftest.c:28:16: fatal error: fp.h: No such file or directory
 #include <fp.h>
                ^
compilation terminated.
configure:12765: $? = 1
configure: failed program was:
| /* confdefs.h */
| #define PACKAGE_NAME "libpng"
| #define PACKAGE_TARNAME "libpng"
| #define PACKAGE_VERSION "1.7.0beta89"
| #define PACKAGE_STRING "libpng 1.7.0beta89"
| #define PACKAGE_BUGREPORT "png-mng-implement@lists.sourceforge.net"
| #define PACKAGE_URL ""
| #define PACKAGE "libpng"
| #define VERSION "1.7.0beta89"
| #define STDC_HEADERS 1
| #define HAVE_SYS_TYPES_H 1
| #define HAVE_SYS_STAT_H 1
| #define HAVE_STDLIB_H 1
| #define HAVE_STRING_H 1
| #define HAVE_MEMORY_H 1
| #define HAVE_STRINGS_H 1
| #define HAVE_INTTYPES_H 1
| #define HAVE_STDINT_H 1
| #define HAVE_UNISTD_H 1
| #define HAVE_DLFCN_H 1
| #define LT_OBJDIR ".libs/"
| #define STDC_HEADERS 1
| #define HAVE_ASSERT_H 1
| #define HAVE_STDLIB_H 1
| #define HAVE_STRING_H 1
| #define HAVE_FLOAT_H 1
| /* end confdefs.h.  */
| #include <fp.h>
configure:12765: result: no
configure:12765: checking for fp.h
configure:12765: result: no
configure:12765: checking math.h usability
configure:12765: /home/NDK/FFMPEG/Car-eye-FFMPEG/toolchain-android/bin/i686-linux-android-gcc --sysroot=/home/NDK/FFMPEG/Car-eye-FFMPEG/toolchain-android/sysroot -c -g -O2  conftest.c >&5
configure:12765: $? = 0
configure:12765: result: yes
configure:12765: checking math.h presence
configure:12765: /home/NDK/FFMPEG/Car-eye-FFMPEG/toolchain-android/bin/i686-linux-android-cpp  conftest.c
configure:12765: $? = 0
configure:12765: result: yes
configure:12765: checking for math.h
configure:12765: result: yes
configure:12765: checking m68881.h usability
configure:12765: /home/NDK/FFMPEG/Car-eye-FFMPEG/toolchain-android/bin/i686-linux-android-gcc --sysroot=/home/NDK/FFMPEG/Car-eye-FFMPEG/toolchain-android/sysroot -c -g -O2  conftest.c >&5
conftest.c:62:20: fatal error: m68881.h: No such file or directory
 #include <m68881.h>
                    ^
compilation terminated.
configure:12765: $? = 1
configure: failed program was:
| /* confdefs.h */
| #define PACKAGE_NAME "libpng"
| #define PACKAGE_TARNAME "libpng"
| #define PACKAGE_VERSION "1.7.0beta89"
| #define PACKAGE_STRING "libpng 1.7.0beta89"
| #define PACKAGE_BUGREPORT "png-mng-implement@lists.sourceforge.net"
| #define PACKAGE_URL ""
| #define PACKAGE "libpng"
| #define VERSION "1.7.0beta89"
| #define STDC_HEADERS 1
| #define HAVE_SYS_TYPES_H 1
| #define HAVE_SYS_STAT_H 1
| #define HAVE_STDLIB_H 1
| #define HAVE_STRING_H 1
| #define HAVE_MEMORY_H 1
| #define HAVE_STRINGS_H 1
| #define HAVE_INTTYPES_H 1
| #define HAVE_STDINT_H 1
| #define HAVE_UNISTD_H 1
| #define HAVE_DLFCN_H 1
| #define LT_OBJDIR ".libs/"
| #define STDC_HEADERS 1
| #define HAVE_ASSERT_H 1
| #define HAVE_STDLIB_H 1
| #define HAVE_STRING_H 1
| #define HAVE_FLOAT_H 1
| #define HAVE_MATH_H 1
| /* end confdefs.h.  */
| #include <stdio.h>
| #ifdef HAVE_SYS_TYPES_H
| # include <sys/types.h>
| #endif
| #ifdef HAVE_SYS_STAT_H
| # include <sys/stat.h>
| #endif
| #ifdef STDC_HEADERS
| # include <stdlib.h>
| # include <stddef.h>
| #else
| # ifdef HAVE_STDLIB_H
| #  include <stdlib.h>
| # endif
| #endif
| #ifdef HAVE_STRING_H
| # if !defined STDC_HEADERS && defined HAVE_MEMORY_H
| #  include <memory.h>
| # endif
| # include <string.h>
| #endif
| #ifdef HAVE_STRINGS_H
| # include <strings.h>
| #endif
| #ifdef HAVE_INTTYPES_H
| # include <inttypes.h>
| #endif
| #ifdef HAVE_STDINT_H
| # include <stdint.h>
| #endif
| #ifdef HAVE_UNISTD_H
| # include <unistd.h>
| #endif
| #include <m68881.h>
configure:12765: result: no
configure:12765: checking m68881.h presence
configure:12765: /home/NDK/FFMPEG/Car-eye-FFMPEG/toolchain-android/bin/i686-linux-android-cpp  conftest.c
conftest.c:29:20: fatal error: m68881.h: No such file or directory
 #include <m68881.h>
                    ^
compilation terminated.
configure:12765: $? = 1
configure: failed program was:
| /* confdefs.h */
| #define PACKAGE_NAME "libpng"
| #define PACKAGE_TARNAME "libpng"
| #define PACKAGE_VERSION "1.7.0beta89"
| #define PACKAGE_STRING "libpng 1.7.0beta89"
| #define PACKAGE_BUGREPORT "png-mng-implement@lists.sourceforge.net"
| #define PACKAGE_URL ""
| #define PACKAGE "libpng"
| #define VERSION "1.7.0beta89"
| #define STDC_HEADERS 1
| #define HAVE_SYS_TYPES_H 1
| #define HAVE_SYS_STAT_H 1
| #define HAVE_STDLIB_H 1
| #define HAVE_STRING_H 1
| #define HAVE_MEMORY_H 1
| #define HAVE_STRINGS_H 1
| #define HAVE_INTTYPES_H 1
| #define HAVE_STDINT_H 1
| #define HAVE_UNISTD_H 1
| #define HAVE_DLFCN_H 1
| #define LT_OBJDIR ".libs/"
| #define STDC_HEADERS 1
| #define HAVE_ASSERT_H 1
| #define HAVE_STDLIB_H 1
| #define HAVE_STRING_H 1
| #define HAVE_FLOAT_H 1
| #define HAVE_MATH_H 1
| /* end confdefs.h.  */
| #include <m68881.h>
configure:12765: result: no
configure:12765: checking for m68881.h
configure:12765: result: no
configure:12779: checking limits.h usability
configure:12779: /home/NDK/FFMPEG/Car-eye-FFMPEG/toolchain-android/bin/i686-linux-android-gcc --sysroot=/home/NDK/FFMPEG/Car-eye-FFMPEG/toolchain-android/sysroot -c -g -O2  conftest.c >&5
configure:12779: $? = 0
configure:12779: result: yes
configure:12779: checking limits.h presence
configure:12779: /home/NDK/FFMPEG/Car-eye-FFMPEG/toolchain-android/bin/i686-linux-android-cpp  conftest.c
configure:12779: $? = 0
configure:12779: result: yes
configure:12779: checking for limits.h
configure:12779: result: yes
configure:12779: checking stddef.h usability
configure:12779: /home/NDK/FFMPEG/Car-eye-FFMPEG/toolchain-android/bin/i686-linux-android-gcc --sysroot=/home/NDK/FFMPEG/Car-eye-FFMPEG/toolchain-android/sysroot -c -g -O2  conftest.c >&5
configure:12779: $? = 0
configure:12779: result: yes
configure:12779: checking stddef.h presence
configure:12779: /home/NDK/FFMPEG/Car-eye-FFMPEG/toolchain-android/bin/i686-linux-android-cpp  conftest.c
configure:12779: $? = 0
configure:12779: result: yes
configure:12779: checking for stddef.h
configure:12779: result: yes
configure:12779: checking stdio.h usability
configure:12779: /home/NDK/FFMPEG/Car-eye-FFMPEG/toolchain-android/bin/i686-linux-android-gcc --sysroot=/home/NDK/FFMPEG/Car-eye-FFMPEG/toolchain-android/sysroot -c -g -O2  conftest.c >&5
configure:12779: $? = 0
configure:12779: result: yes
configure:12779: checking stdio.h presence
configure:12779: /home/NDK/FFMPEG/Car-eye-FFMPEG/toolchain-android/bin/i686-linux-android-cpp  conftest.c
configure:12779: $? = 0
configure:12779: result: yes
configure:12779: checking for stdio.h
configure:12779: result: yes
configure:12779: checking setjmp.h usability
configure:12779: /home/NDK/FFMPEG/Car-eye-FFMPEG/toolchain-android/bin/i686-linux-android-gcc --sysroot=/home/NDK/FFMPEG/Car-eye-FFMPEG/toolchain-android/sysroot -c -g -O2  conftest.c >&5
configure:12779: $? = 0
configure:12779: result: yes
configure:12779: checking setjmp.h presence
configure:12779: /home/NDK/FFMPEG/Car-eye-FFMPEG/toolchain-android/bin/i686-linux-android-cpp  conftest.c
configure:12779: $? = 0
configure:12779: result: yes
configure:12779: checking for setjmp.h
configure:12779: result: yes
configure:12779: checking time.h usability
configure:12779: /home/NDK/FFMPEG/Car-eye-FFMPEG/toolchain-android/bin/i686-linux-android-gcc --sysroot=/home/NDK/FFMPEG/Car-eye-FFMPEG/toolchain-android/sysroot -c -g -O2  conftest.c >&5
configure:12779: $? = 0
configure:12779: result: yes
configure:12779: checking time.h presence
configure:12779: /home/NDK/FFMPEG/Car-eye-FFMPEG/toolchain-android/bin/i686-linux-android-cpp  conftest.c
configure:12779: $? = 0
configure:12779: result: yes
configure:12779: checking for time.h
configure:12779: result: yes
configure:12792: checking errno.h usability
configure:12792: /home/NDK/FFMPEG/Car-eye-FFMPEG/toolchain-android/bin/i686-linux-android-gcc --sysroot=/home/NDK/FFMPEG/Car-eye-FFMPEG/toolchain-android/sysroot -c -g -O2  conftest.c >&5
configure:12792: $? = 0
configure:12792: result: yes
configure:12792: checking errno.h presence
configure:12792: /home/NDK/FFMPEG/Car-eye-FFMPEG/toolchain-android/bin/i686-linux-android-cpp  conftest.c
configure:12792: $? = 0
configure:12792: result: yes
configure:12792: checking for errno.h
configure:12792: result: yes
configure:12806: checking ctype.h usability
configure:12806: /home/NDK/FFMPEG/Car-eye-FFMPEG/toolchain-android/bin/i686-linux-android-gcc --sysroot=/home/NDK/FFMPEG/Car-eye-FFMPEG/toolchain-android/sysroot -c -g -O2  conftest.c >&5
configure:12806: $? = 0
configure:12806: result: yes
configure:12806: checking ctype.h presence
configure:12806: /home/NDK/FFMPEG/Car-eye-FFMPEG/toolchain-android/bin/i686-linux-android-cpp  conftest.c
configure:12806: $? = 0
configure:12806: result: yes
configure:12806: checking for ctype.h
configure:12806: result: yes
configure:12819: checking fenv.h usability
configure:12819: /home/NDK/FFMPEG/Car-eye-FFMPEG/toolchain-android/bin/i686-linux-android-gcc --sysroot=/home/NDK/FFMPEG/Car-eye-FFMPEG/toolchain-android/sysroot -c -g -O2  conftest.c >&5
configure:12819: $? = 0
configure:12819: result: yes
configure:12819: checking fenv.h presence
configure:12819: /home/NDK/FFMPEG/Car-eye-FFMPEG/toolchain-android/bin/i686-linux-android-cpp  conftest.c
configure:12819: $? = 0
configure:12819: result: yes
configure:12819: checking for fenv.h
configure:12819: result: yes
configure:12833: checking for C/C++ restrict keyword
configure:12858: /home/NDK/FFMPEG/Car-eye-FFMPEG/toolchain-android/bin/i686-linux-android-gcc --sysroot=/home/NDK/FFMPEG/Car-eye-FFMPEG/toolchain-android/sysroot -c -g -O2  conftest.c >&5
configure:12858: $? = 0
configure:12866: result: __restrict
configure:12889: checking for memset
configure:12889: /home/NDK/FFMPEG/Car-eye-FFMPEG/toolchain-android/bin/i686-linux-android-gcc --sysroot=/home/NDK/FFMPEG/Car-eye-FFMPEG/toolchain-android/sysroot -o conftest -g -O2   conftest.c  >&5
conftest.c:61:6: warning: conflicting types for built-in function 'memset'
 char memset ();
      ^
configure:12889: $? = 0
configure:12889: result: yes
configure:12889: checking for memcpy
configure:12889: /home/NDK/FFMPEG/Car-eye-FFMPEG/toolchain-android/bin/i686-linux-android-gcc --sysroot=/home/NDK/FFMPEG/Car-eye-FFMPEG/toolchain-android/sysroot -o conftest -g -O2   conftest.c  >&5
conftest.c:62:6: warning: conflicting types for built-in function 'memcpy'
 char memcpy ();
      ^
configure:12889: $? = 0
configure:12889: result: yes
configure:12889: checking for strncpy
configure:12889: /home/NDK/FFMPEG/Car-eye-FFMPEG/toolchain-android/bin/i686-linux-android-gcc --sysroot=/home/NDK/FFMPEG/Car-eye-FFMPEG/toolchain-android/sysroot -o conftest -g -O2   conftest.c  >&5
conftest.c:63:6: warning: conflicting types for built-in function 'strncpy'
 char strncpy ();
      ^
configure:12889: $? = 0
configure:12889: result: yes
configure:12906: checking for clock_gettime
configure:12906: /home/NDK/FFMPEG/Car-eye-FFMPEG/toolchain-android/bin/i686-linux-android-gcc --sysroot=/home/NDK/FFMPEG/Car-eye-FFMPEG/toolchain-android/sysroot -o conftest -g -O2   conftest.c  >&5
configure:12906: $? = 0
configure:12906: result: yes
configure:12952: checking for library containing floor
configure:12983: /home/NDK/FFMPEG/Car-eye-FFMPEG/toolchain-android/bin/i686-linux-android-gcc --sysroot=/home/NDK/FFMPEG/Car-eye-FFMPEG/toolchain-android/sysroot -o conftest -g -O2   conftest.c  >&5
conftest.c:48:6: warning: conflicting types for built-in function 'floor'
 char floor ();
      ^
conftest.c:52: error: undefined reference to 'floor'
collect2: error: ld returned 1 exit status
configure:12983: $? = 1
configure: failed program was:
| /* confdefs.h */
| #define PACKAGE_NAME "libpng"
| #define PACKAGE_TARNAME "libpng"
| #define PACKAGE_VERSION "1.7.0beta89"
| #define PACKAGE_STRING "libpng 1.7.0beta89"
| #define PACKAGE_BUGREPORT "png-mng-implement@lists.sourceforge.net"
| #define PACKAGE_URL ""
| #define PACKAGE "libpng"
| #define VERSION "1.7.0beta89"
| #define STDC_HEADERS 1
| #define HAVE_SYS_TYPES_H 1
| #define HAVE_SYS_STAT_H 1
| #define HAVE_STDLIB_H 1
| #define HAVE_STRING_H 1
| #define HAVE_MEMORY_H 1
| #define HAVE_STRINGS_H 1
| #define HAVE_INTTYPES_H 1
| #define HAVE_STDINT_H 1
| #define HAVE_UNISTD_H 1
| #define HAVE_DLFCN_H 1
| #define LT_OBJDIR ".libs/"
| #define STDC_HEADERS 1
| #define HAVE_ASSERT_H 1
| #define HAVE_STDLIB_H 1
| #define HAVE_STRING_H 1
| #define HAVE_FLOAT_H 1
| #define HAVE_MATH_H 1
| #define HAVE_LIMITS_H 1
| #define HAVE_STDDEF_H 1
| #define HAVE_STDIO_H 1
| #define HAVE_SETJMP_H 1
| #define HAVE_TIME_H 1
| #define HAVE_ERRNO_H 1
| #define HAVE_CTYPE_H 1
| #define HAVE_FENV_H 1
| #define restrict __restrict
| #define HAVE_MEMSET 1
| #define HAVE_MEMCPY 1
| #define HAVE_STRNCPY 1
| /* end confdefs.h.  */
| 
| /* Override any GCC internal prototype to avoid an error.
|    Use char because int might match the return type of a GCC
|    builtin and then its argument prototype would still apply.  */
| #ifdef __cplusplus
| extern "C"
| #endif
| char floor ();
| int
| main ()
| {
| return floor ();
|   ;
|   return 0;
| }
configure:12983: /home/NDK/FFMPEG/Car-eye-FFMPEG/toolchain-android/bin/i686-linux-android-gcc --sysroot=/home/NDK/FFMPEG/Car-eye-FFMPEG/toolchain-android/sysroot -o conftest -g -O2   conftest.c -lm   >&5
conftest.c:48:6: warning: conflicting types for built-in function 'floor'
 char floor ();
      ^
configure:12983: $? = 0
configure:13000: result: -lm
configure:13012: checking for library containing frexp
configure:13043: /home/NDK/FFMPEG/Car-eye-FFMPEG/toolchain-android/bin/i686-linux-android-gcc --sysroot=/home/NDK/FFMPEG/Car-eye-FFMPEG/toolchain-android/sysroot -o conftest -g -O2   conftest.c -lm  >&5
conftest.c:48:6: warning: conflicting types for built-in function 'frexp'
 char frexp ();
      ^
configure:13043: $? = 0
configure:13060: result: none required
configure:13072: checking for library containing modf
configure:13103: /home/NDK/FFMPEG/Car-eye-FFMPEG/toolchain-android/bin/i686-linux-android-gcc --sysroot=/home/NDK/FFMPEG/Car-eye-FFMPEG/toolchain-android/sysroot -o conftest -g -O2   conftest.c -lm  >&5
conftest.c:48:6: warning: conflicting types for built-in function 'modf'
 char modf ();
      ^
configure:13103: $? = 0
configure:13120: result: none required
configure:13132: checking for library containing atof
configure:13163: /home/NDK/FFMPEG/Car-eye-FFMPEG/toolchain-android/bin/i686-linux-android-gcc --sysroot=/home/NDK/FFMPEG/Car-eye-FFMPEG/toolchain-android/sysroot -o conftest -g -O2   conftest.c -lm  >&5
configure:13163: $? = 0
configure:13180: result: none required
configure:13192: checking for library containing pow
configure:13223: /home/NDK/FFMPEG/Car-eye-FFMPEG/toolchain-android/bin/i686-linux-android-gcc --sysroot=/home/NDK/FFMPEG/Car-eye-FFMPEG/toolchain-android/sysroot -o conftest -g -O2   conftest.c -lm  >&5
conftest.c:48:6: warning: conflicting types for built-in function 'pow'
 char pow ();
      ^
configure:13223: $? = 0
configure:13240: result: none required
configure:13284: checking for library containing feenableexcept
configure:13315: /home/NDK/FFMPEG/Car-eye-FFMPEG/toolchain-android/bin/i686-linux-android-gcc --sysroot=/home/NDK/FFMPEG/Car-eye-FFMPEG/toolchain-android/sysroot -o conftest -g -O2   conftest.c -lm  >&5
configure:13315: $? = 0
configure:13332: result: none required
configure:13343: checking for library containing ceil
configure:13374: /home/NDK/FFMPEG/Car-eye-FFMPEG/toolchain-android/bin/i686-linux-android-gcc --sysroot=/home/NDK/FFMPEG/Car-eye-FFMPEG/toolchain-android/sysroot -o conftest -g -O2   conftest.c -lm  >&5
conftest.c:49:6: warning: conflicting types for built-in function 'ceil'
 char ceil ();
      ^
configure:13374: $? = 0
configure:13391: result: none required
configure:13456: checking Library 'z' and #include <zlib.h> for symbol 'zlibVersion'
configure:13472: /home/NDK/FFMPEG/Car-eye-FFMPEG/toolchain-android/bin/i686-linux-android-gcc --sysroot=/home/NDK/FFMPEG/Car-eye-FFMPEG/toolchain-android/sysroot -o conftest -g -O2   conftest.c -lz -lm  >&5
configure:13472: $? = 0
configure:13473: result: ok
configure:13484: checking if using Solaris linker
configure:13493: result: no
configure:13505: checking if libraries can be versioned
configure:13526: result: yes
configure:13548: checking for symbol prefix
configure:13555: result: 
configure:13577: pkgconfig directory is ${libdir}/pkgconfig
configure:13694: Extra options for compiler: 
configure:13812: checking that generated files are newer than configure
configure:13818: result: done
configure:13881: creating ./config.status

## ---------------------- ##
## Running config.status. ##
## ---------------------- ##

This file was extended by libpng config.status 1.7.0beta89, which was
generated by GNU Autoconf 2.69.  Invocation command line was

  CONFIG_FILES    = 
  CONFIG_HEADERS  = 
  CONFIG_LINKS    = 
  CONFIG_COMMANDS = 
  $ ./config.status 

on ubuntu

config.status:1137: creating Makefile
config.status:1137: creating libpng.pc
config.status:1137: creating libpng-config
config.status:1137: creating config.h
config.status:1318: config.h is unchanged
config.status:1366: executing depfiles commands
config.status:1366: executing libtool commands
configure:16028: WARNING: unrecognized options: --enable-arm-neon

## ---------------- ##
## Cache variables. ##
## ---------------- ##

ac_cv_build=x86_64-unknown-linux-gnu
ac_cv_c_compiler_gnu=yes
ac_cv_c_restrict=__restrict
ac_cv_env_CCASFLAGS_set=
ac_cv_env_CCASFLAGS_value=
ac_cv_env_CCAS_set=
ac_cv_env_CCAS_value=
ac_cv_env_CC_set=set
ac_cv_env_CC_value='/home/NDK/FFMPEG/Car-eye-FFMPEG/toolchain-android/bin/i686-linux-android-gcc --sysroot=/home/NDK/FFMPEG/Car-eye-FFMPEG/toolchain-android/sysroot'
ac_cv_env_CFLAGS_set=
ac_cv_env_CFLAGS_value=
ac_cv_env_CPPFLAGS_set=
ac_cv_env_CPPFLAGS_value=
ac_cv_env_CPP_set=set
ac_cv_env_CPP_value=/home/NDK/FFMPEG/Car-eye-FFMPEG/toolchain-android/bin/i686-linux-android-cpp
ac_cv_env_LDFLAGS_set=
ac_cv_env_LDFLAGS_value=
ac_cv_env_LIBS_set=
ac_cv_env_LIBS_value=
ac_cv_env_LT_SYS_LIBRARY_PATH_set=
ac_cv_env_LT_SYS_LIBRARY_PATH_value=
ac_cv_env_PNG_COPTS_set=
ac_cv_env_PNG_COPTS_value=
ac_cv_env_build_alias_set=
ac_cv_env_build_alias_value=
ac_cv_env_host_alias_set=set
ac_cv_env_host_alias_value=x86
ac_cv_env_target_alias_set=
ac_cv_env_target_alias_value=
ac_cv_func_clock_gettime=yes
ac_cv_func_memcpy=yes
ac_cv_func_memset=yes
ac_cv_func_strncpy=yes
ac_cv_header_assert_h=yes
ac_cv_header_ctype_h=yes
ac_cv_header_dlfcn_h=yes
ac_cv_header_errno_h=yes
ac_cv_header_fenv_h=yes
ac_cv_header_float_h=yes
ac_cv_header_fp_h=no
ac_cv_header_inttypes_h=yes
ac_cv_header_limits_h=yes
ac_cv_header_m68881_h=no
ac_cv_header_math_h=yes
ac_cv_header_memory_h=yes
ac_cv_header_setjmp_h=yes
ac_cv_header_stdc=yes
ac_cv_header_stddef_h=yes
ac_cv_header_stdint_h=yes
ac_cv_header_stdio_h=yes
ac_cv_header_stdlib_h=yes
ac_cv_header_string_h=yes
ac_cv_header_strings_h=yes
ac_cv_header_sys_stat_h=yes
ac_cv_header_sys_types_h=yes
ac_cv_header_time_h=yes
ac_cv_header_unistd_h=yes
ac_cv_host=x86-unknown-none
ac_cv_objext=o
ac_cv_path_EGREP='/bin/grep -E'
ac_cv_path_FGREP='/bin/grep -F'
ac_cv_path_GREP=/bin/grep
ac_cv_path_SED=/bin/sed
ac_cv_path_install='/usr/bin/install -c'
ac_cv_path_lt_DD=/bin/dd
ac_cv_path_mkdir=/bin/mkdir
ac_cv_prog_AR=/home/NDK/FFMPEG/Car-eye-FFMPEG/toolchain-android/bin/i686-linux-android-ar
ac_cv_prog_AWK=gawk
ac_cv_prog_CC='/home/NDK/FFMPEG/Car-eye-FFMPEG/toolchain-android/bin/i686-linux-android-gcc --sysroot=/home/NDK/FFMPEG/Car-eye-FFMPEG/toolchain-android/sysroot'
ac_cv_prog_CPP=/home/NDK/FFMPEG/Car-eye-FFMPEG/toolchain-android/bin/i686-linux-android-cpp
ac_cv_prog_OBJDUMP=/home/NDK/FFMPEG/Car-eye-FFMPEG/toolchain-android/bin/i686-linux-android-objdump
ac_cv_prog_RANLIB=/home/NDK/FFMPEG/Car-eye-FFMPEG/toolchain-android/bin/i686-linux-android-ranlib
ac_cv_prog_STRIP=/home/NDK/FFMPEG/Car-eye-FFMPEG/toolchain-android/bin/i686-linux-android-strip
ac_cv_prog_ac_ct_MANIFEST_TOOL=mt
ac_cv_prog_cc_c89=
ac_cv_prog_cc_g=yes
ac_cv_prog_make_make_set=yes
ac_cv_search_atof='none required'
ac_cv_search_ceil='none required'
ac_cv_search_feenableexcept='none required'
ac_cv_search_floor=-lm
ac_cv_search_frexp='none required'
ac_cv_search_modf='none required'
ac_cv_search_pow='none required'
am_cv_CCAS_dependencies_compiler_type=gcc3
am_cv_CC_dependencies_compiler_type=gcc3
am_cv_make_support_nested_variables=yes
am_cv_prog_cc_c_o=yes
lt_cv_ar_at_file=@
lt_cv_deplibs_check_method=unknown
lt_cv_file_magic_cmd='$MAGIC_CMD'
lt_cv_file_magic_test_file=
lt_cv_ld_reload_flag=-r
lt_cv_nm_interface='BSD nm'
lt_cv_objdir=.libs
lt_cv_path_LD=/home/NDK/FFMPEG/Car-eye-FFMPEG/toolchain-android/bin/i686-linux-android-ld
lt_cv_path_NM=/home/NDK/FFMPEG/Car-eye-FFMPEG/toolchain-android/bin/i686-linux-android-nm
lt_cv_path_mainfest_tool=no
lt_cv_prog_compiler_c_o=yes
lt_cv_prog_compiler_pic='-fPIC -DPIC'
lt_cv_prog_compiler_pic_works=yes
lt_cv_prog_compiler_rtti_exceptions=no
lt_cv_prog_compiler_static_works=yes
lt_cv_prog_gnu_ld=yes
lt_cv_sharedlib_from_linklib_cmd='printf %s\n'
lt_cv_sys_global_symbol_pipe='sed -n -e '\''s/^.*[	 ]\([ABCDGIRSTW][ABCDGIRSTW]*\)[	 ][	 ]*\([_A-Za-z][_A-Za-z0-9]*\)$/\1 \2 \2/p'\'' | sed '\''/ __gnu_lto/d'\'''
lt_cv_sys_global_symbol_to_c_name_address='sed -n -e '\''s/^: \(.*\) .*$/  {"\1", (void *) 0},/p'\'' -e '\''s/^[ABCDGIRSTW][ABCDGIRSTW]* .* \(.*\)$/  {"\1", (void *) \&\1},/p'\'''
lt_cv_sys_global_symbol_to_c_name_address_lib_prefix='sed -n -e '\''s/^: \(.*\) .*$/  {"\1", (void *) 0},/p'\'' -e '\''s/^[ABCDGIRSTW][ABCDGIRSTW]* .* \(lib.*\)$/  {"\1", (void *) \&\1},/p'\'' -e '\''s/^[ABCDGIRSTW][ABCDGIRSTW]* .* \(.*\)$/  {"lib\1", (void *) \&\1},/p'\'''
lt_cv_sys_global_symbol_to_cdecl='sed -n -e '\''s/^T .* \(.*\)$/extern int \1();/p'\'' -e '\''s/^[ABCDGIRSTW][ABCDGIRSTW]* .* \(.*\)$/extern char \1;/p'\'''
lt_cv_sys_global_symbol_to_import=
lt_cv_sys_max_cmd_len=1572864
lt_cv_to_host_file_cmd=func_convert_file_noop
lt_cv_to_tool_file_cmd=func_convert_file_noop
lt_cv_truncate_bin='/bin/dd bs=4096 count=1'

## ----------------- ##
## Output variables. ##
## ----------------- ##

ACLOCAL='${SHELL} /home/NDK/FFMPEG/Car-eye-FFMPEG/libpng-1.7/missing aclocal-1.15'
AMDEPBACKSLASH='\'
AMDEP_FALSE='#'
AMDEP_TRUE=''
AMTAR='$${TAR-tar}'
AM_BACKSLASH='\'
AM_DEFAULT_V='$(AM_DEFAULT_VERBOSITY)'
AM_DEFAULT_VERBOSITY='1'
AM_V='$(V)'
AR='/home/NDK/FFMPEG/Car-eye-FFMPEG/toolchain-android/bin/i686-linux-android-ar'
AS='/home/NDK/FFMPEG/Car-eye-FFMPEG/toolchain-android/bin/i686-linux-android-as'
AUTOCONF='${SHELL} /home/NDK/FFMPEG/Car-eye-FFMPEG/libpng-1.7/missing autoconf'
AUTOHEADER='${SHELL} /home/NDK/FFMPEG/Car-eye-FFMPEG/libpng-1.7/missing autoheader'
AUTOMAKE='${SHELL} /home/NDK/FFMPEG/Car-eye-FFMPEG/libpng-1.7/missing automake-1.15'
AWK='gawk'
CC='/home/NDK/FFMPEG/Car-eye-FFMPEG/toolchain-android/bin/i686-linux-android-gcc --sysroot=/home/NDK/FFMPEG/Car-eye-FFMPEG/toolchain-android/sysroot'
CCAS='/home/NDK/FFMPEG/Car-eye-FFMPEG/toolchain-android/bin/i686-linux-android-gcc --sysroot=/home/NDK/FFMPEG/Car-eye-FFMPEG/toolchain-android/sysroot'
CCASDEPMODE='depmode=gcc3'
CCASFLAGS='-g -O2'
CCDEPMODE='depmode=gcc3'
CFLAGS='-g -O2'
CPP='/home/NDK/FFMPEG/Car-eye-FFMPEG/toolchain-android/bin/i686-linux-android-cpp'
CPPFLAGS=''
CYGPATH_W='echo'
DEFS='-DHAVE_CONFIG_H'
DEPDIR='.deps'
DFNCPP='/home/NDK/FFMPEG/Car-eye-FFMPEG/toolchain-android/bin/i686-linux-android-cpp -E'
DLLTOOL='false'
DO_INSTALL_LIBPNG_CONFIG_FALSE='#'
DO_INSTALL_LIBPNG_CONFIG_TRUE=''
DO_INSTALL_LIBPNG_PC_FALSE='#'
DO_INSTALL_LIBPNG_PC_TRUE=''
DO_INSTALL_LINKS_FALSE='#'
DO_INSTALL_LINKS_TRUE=''
DO_PNG_PREFIX_FALSE=''
DO_PNG_PREFIX_TRUE='#'
DSYMUTIL=''
DUMPBIN=''
ECHO_C=''
ECHO_N='-n'
ECHO_T=''
EGREP='/bin/grep -E'
EXEEXT=''
FGREP='/bin/grep -F'
GREP='/bin/grep'
HAVE_CLOCK_GETTIME_FALSE='#'
HAVE_CLOCK_GETTIME_TRUE=''
HAVE_LD_VERSION_SCRIPT_FALSE='#'
HAVE_LD_VERSION_SCRIPT_TRUE=''
HAVE_SOLARIS_LD_FALSE=''
HAVE_SOLARIS_LD_TRUE='#'
INSTALL_DATA='${INSTALL} -m 644'
INSTALL_PROGRAM='${INSTALL}'
INSTALL_SCRIPT='${INSTALL}'
INSTALL_STRIP_PROGRAM='$(install_sh) -c -s'
LD='/home/NDK/FFMPEG/Car-eye-FFMPEG/toolchain-android/bin/i686-linux-android-ld'
LDFLAGS=''
LIBOBJS=''
LIBPNG_EXTENSIONS_FALSE=''
LIBPNG_EXTENSIONS_TRUE='#'
LIBS='-lz -lm '
LIBTOOL='$(SHELL) $(top_builddir)/libtool'
LIPO=''
LN_S='ln -s'
LTLIBOBJS=''
LT_SYS_LIBRARY_PATH=''
MAINT='#'
MAINTAINER_MODE_FALSE=''
MAINTAINER_MODE_TRUE='#'
MAKEINFO='${SHELL} /home/NDK/FFMPEG/Car-eye-FFMPEG/libpng-1.7/missing makeinfo'
MANIFEST_TOOL=':'
MKDIR_P='/bin/mkdir -p'
NM='/home/NDK/FFMPEG/Car-eye-FFMPEG/toolchain-android/bin/i686-linux-android-nm'
NMEDIT=''
OBJDUMP='/home/NDK/FFMPEG/Car-eye-FFMPEG/toolchain-android/bin/i686-linux-android-objdump'
OBJEXT='o'
OTOOL64=''
OTOOL=''
PACKAGE='libpng'
PACKAGE_BUGREPORT='png-mng-implement@lists.sourceforge.net'
PACKAGE_NAME='libpng'
PACKAGE_STRING='libpng 1.7.0beta89'
PACKAGE_TARNAME='libpng'
PACKAGE_URL=''
PACKAGE_VERSION='1.7.0beta89'
PATH_SEPARATOR=':'
PNGLIB_MAJOR='1'
PNGLIB_MINOR='7'
PNGLIB_RELEASE='0'
PNGLIB_VERSION='1.7.0beta89'
PNG_COPTS=''
PNG_PREFIX=''
RANLIB='/home/NDK/FFMPEG/Car-eye-FFMPEG/toolchain-android/bin/i686-linux-android-ranlib'
SED='/bin/sed'
SET_MAKE=''
SHELL='/bin/bash'
STRIP='/home/NDK/FFMPEG/Car-eye-FFMPEG/toolchain-android/bin/i686-linux-android-strip'
SYMBOL_PREFIX=''
VERSION='1.7.0beta89'
ac_ct_AR=''
ac_ct_CC=''
ac_ct_DUMPBIN=''
am__EXEEXT_FALSE=''
am__EXEEXT_TRUE='#'
am__fastdepCCAS_FALSE='#'
am__fastdepCCAS_TRUE=''
am__fastdepCC_FALSE='#'
am__fastdepCC_TRUE=''
am__include='include'
am__isrc=''
am__leading_dot='.'
am__nodep='_no'
am__quote=''
am__tar='$${TAR-tar} chof - "$$tardir"'
am__untar='$${TAR-tar} xf -'
binconfigs='${binconfigs}'
bindir='${exec_prefix}/bin'
build='x86_64-unknown-linux-gnu'
build_alias=''
build_cpu='x86_64'
build_os='linux-gnu'
build_vendor='unknown'
datadir='${datarootdir}'
datarootdir='${prefix}/share'
docdir='${datarootdir}/doc/${PACKAGE_TARNAME}'
dvidir='${docdir}'
exec_prefix='${prefix}'
host='x86-unknown-none'
host_alias='x86'
host_cpu='x86'
host_os='none'
host_vendor='unknown'
htmldir='${docdir}'
includedir='${prefix}/include'
infodir='${datarootdir}/info'
install_sh='${SHELL} /home/NDK/FFMPEG/Car-eye-FFMPEG/libpng-1.7/install-sh'
libdir='${exec_prefix}/lib'
libexecdir='${exec_prefix}/libexec'
localedir='${datarootdir}/locale'
localstatedir='${prefix}/var'
mandir='${datarootdir}/man'
mkdir_p='$(MKDIR_P)'
oldincludedir='/usr/include'
pdfdir='${docdir}'
pkgconfigdir='${libdir}/pkgconfig'
prefix='/home/NDK/FFMPEG/Car-eye-FFMPEG/toolchain-android'
program_transform_name='s,x,x,'
psdir='${docdir}'
sbindir='${exec_prefix}/sbin'
sharedstatedir='${prefix}/com'
sysconfdir='${prefix}/etc'
target_alias=''

## ----------- ##
## confdefs.h. ##
## ----------- ##

/* confdefs.h */
#define PACKAGE_NAME "libpng"
#define PACKAGE_TARNAME "libpng"
#define PACKAGE_VERSION "1.7.0beta89"
#define PACKAGE_STRING "libpng 1.7.0beta89"
#define PACKAGE_BUGREPORT "png-mng-implement@lists.sourceforge.net"
#define PACKAGE_URL ""
#define PACKAGE "libpng"
#define VERSION "1.7.0beta89"
#define STDC_HEADERS 1
#define HAVE_SYS_TYPES_H 1
#define HAVE_SYS_STAT_H 1
#define HAVE_STDLIB_H 1
#define HAVE_STRING_H 1
#define HAVE_MEMORY_H 1
#define HAVE_STRINGS_H 1
#define HAVE_INTTYPES_H 1
#define HAVE_STDINT_H 1
#define HAVE_UNISTD_H 1
#define HAVE_DLFCN_H 1
#define LT_OBJDIR ".libs/"
#define STDC_HEADERS 1
#define HAVE_ASSERT_H 1
#define HAVE_STDLIB_H 1
#define HAVE_STRING_H 1
#define HAVE_FLOAT_H 1
#define HAVE_MATH_H 1
#define HAVE_LIMITS_H 1
#define HAVE_STDDEF_H 1
#define HAVE_STDIO_H 1
#define HAVE_SETJMP_H 1
#define HAVE_TIME_H 1
#define HAVE_ERRNO_H 1
#define HAVE_CTYPE_H 1
#define HAVE_FENV_H 1
#define restrict __restrict
#define HAVE_MEMSET 1
#define HAVE_MEMCPY 1
#define HAVE_STRNCPY 1
#define HAVE_FEENABLEEXCEPT 1

configure: exit 0
