This file contains any messages produced by compilers while
running configure, to aid debugging if configure makes a mistake.

It was created by FreeType configure 2.9, which was
generated by GNU Autoconf 2.68.  Invocation command line was

  $ ./configure --with-pic --with-sysroot=/home/NDK/FFMPEG/Car-eye-FFMPEG/toolchain-android/sysroot --host=x86 --enable-static --disable-shared --with-png=yes --with-zlib=yes --prefix=/home/NDK/FFMPEG/Car-eye-FFMPEG/toolchain-android

## --------- ##
## Platform. ##
## --------- ##

hostname = ubuntu
uname -m = x86_64
uname -r = 3.8.0-29-generic
uname -s = Linux
uname -v = #42~precise1-Ubuntu SMP Wed Aug 14 16:19:23 UTC 2013

/usr/bin/uname -p = unknown
/bin/uname -X     = unknown

/bin/arch              = unknown
/usr/bin/arch -k       = unknown
/usr/convex/getsysinfo = unknown
/usr/bin/hostinfo      = unknown
/bin/machine           = unknown
/usr/bin/oslevel       = unknown
/bin/universe          = unknown

PATH: /home/NDK/android-ndk-r10e
PATH: /usr/lib/lightdm/lightdm
PATH: /usr/local/sbin
PATH: /usr/local/bin
PATH: /usr/sbin
PATH: /usr/bin
PATH: /sbin
PATH: /bin
PATH: /usr/games
PATH: /usr/lib/sunJVM/JDK/jdk1.6.0_43/bin


## ----------- ##
## Core tests. ##
## ----------- ##

configure:2509: checking build system type
configure:2523: result: x86_64-unknown-linux-gnu
configure:2543: checking host system type
configure:2556: result: x86-unknown-none
configure:2588: checking for x86-gcc
configure:2615: result: /home/NDK/FFMPEG/Car-eye-FFMPEG/toolchain-android/bin/i686-linux-android-gcc --sysroot=/home/NDK/FFMPEG/Car-eye-FFMPEG/toolchain-android/sysroot
configure:2884: checking for C compiler version
configure:2893: /home/NDK/FFMPEG/Car-eye-FFMPEG/toolchain-android/bin/i686-linux-android-gcc --sysroot=/home/NDK/FFMPEG/Car-eye-FFMPEG/toolchain-android/sysroot --version >&5
i686-linux-android-gcc (GCC) 4.9 20140827 (prerelease)
Copyright (C) 2014 Free Software Foundation, Inc.
This is free software; see the source for copying conditions.  There is NO
warranty; not even for MERCHANTABILITY or FITNESS FOR A PARTICULAR PURPOSE.

configure:2904: $? = 0
configure:2893: /home/NDK/FFMPEG/Car-eye-FFMPEG/toolchain-android/bin/i686-linux-android-gcc --sysroot=/home/NDK/FFMPEG/Car-eye-FFMPEG/toolchain-android/sysroot -v >&5
Using built-in specs.
COLLECT_GCC=/home/NDK/FFMPEG/Car-eye-FFMPEG/toolchain-android/bin/i686-linux-android-gcc
COLLECT_LTO_WRAPPER=/home/NDK/FFMPEG/Car-eye-FFMPEG/toolchain-android/bin/../libexec/gcc/i686-linux-android/4.9/lto-wrapper
Target: i686-linux-android
Configured with: /s/ndk-toolchain/src/build/../gcc/gcc-4.9/configure --prefix=/tmp/ndk-andrewhsieh/build/toolchain/prefix --target=i686-linux-android --host=x86_64-linux-gnu --build=x86_64-linux-gnu --with-gnu-as --with-gnu-ld --enable-languages=c,c++ --with-gmp=/tmp/ndk-andrewhsieh/build/toolchain/temp-install --with-mpfr=/tmp/ndk-andrewhsieh/build/toolchain/temp-install --with-mpc=/tmp/ndk-andrewhsieh/build/toolchain/temp-install --with-cloog=/tmp/ndk-andrewhsieh/build/toolchain/temp-install --with-isl=/tmp/ndk-andrewhsieh/build/toolchain/temp-install --with-ppl=/tmp/ndk-andrewhsieh/build/toolchain/temp-install --disable-ppl-version-check --disable-cloog-version-check --disable-isl-version-check --enable-cloog-backend=isl --with-host-libstdcxx='-static-libgcc -Wl,-Bstatic,-lstdc++,-Bdynamic -lm' --disable-libssp --enable-threads --disable-nls --disable-libmudflap --disable-libgomp --disable-libstdc__-v3 --disable-sjlj-exceptions --disable-shared --disable-tls --disable-libitm --with-arch=i686 --with-tune=intel --with-fpmath=sse --enable-initfini-array --disable-nls --prefix=/tmp/ndk-andrewhsieh/build/toolchain/prefix --with-sysroot=/tmp/ndk-andrewhsieh/build/toolchain/prefix/sysroot --with-binutils-version=2.25 --with-mpfr-version=3.1.1 --with-mpc-version=1.0.1 --with-gmp-version=5.0.5 --with-gcc-version=4.9 --with-gdb-version=7.7 --with-python=/usr/local/google/home/andrewhsieh/mydroid/ndk/prebuilt/linux-x86_64/bin/python-config.sh --with-gxx-include-dir=/tmp/ndk-andrewhsieh/build/toolchain/prefix/include/c++/4.9 --with-bugurl=http://source.android.com/source/report-bugs.html --enable-languages=c,c++ --disable-bootstrap --enable-plugins --enable-libgomp --enable-gnu-indirect-function --disable-libcilkrts --disable-libsanitizer --enable-gold --enable-threads --enable-graphite=yes --with-cloog-version=0.18.0 --with-isl-version=0.11.1 --enable-eh-frame-hdr-for-static --program-transform-name='s&^&i686-linux-android-&' --enable-gold=default
Thread model: posix
gcc version 4.9 20140827 (prerelease) (GCC) 
configure:2904: $? = 0
configure:2893: /home/NDK/FFMPEG/Car-eye-FFMPEG/toolchain-android/bin/i686-linux-android-gcc --sysroot=/home/NDK/FFMPEG/Car-eye-FFMPEG/toolchain-android/sysroot -V >&5
i686-linux-android-gcc: error: unrecognized command line option '-V'
i686-linux-android-gcc: fatal error: no input files
compilation terminated.
configure:2904: $? = 1
configure:2893: /home/NDK/FFMPEG/Car-eye-FFMPEG/toolchain-android/bin/i686-linux-android-gcc --sysroot=/home/NDK/FFMPEG/Car-eye-FFMPEG/toolchain-android/sysroot -qversion >&5
i686-linux-android-gcc: error: unrecognized command line option '-qversion'
i686-linux-android-gcc: fatal error: no input files
compilation terminated.
configure:2904: $? = 1
configure:2924: checking whether the C compiler works
configure:2946: /home/NDK/FFMPEG/Car-eye-FFMPEG/toolchain-android/bin/i686-linux-android-gcc --sysroot=/home/NDK/FFMPEG/Car-eye-FFMPEG/toolchain-android/sysroot    conftest.c  >&5
configure:2950: $? = 0
configure:2998: result: yes
configure:3001: checking for C compiler default output file name
configure:3003: result: a.out
configure:3009: checking for suffix of executables
configure:3016: /home/NDK/FFMPEG/Car-eye-FFMPEG/toolchain-android/bin/i686-linux-android-gcc --sysroot=/home/NDK/FFMPEG/Car-eye-FFMPEG/toolchain-android/sysroot -o conftest    conftest.c  >&5
configure:3020: $? = 0
configure:3042: result: 
configure:3064: checking whether we are cross compiling
configure:3072: /home/NDK/FFMPEG/Car-eye-FFMPEG/toolchain-android/bin/i686-linux-android-gcc --sysroot=/home/NDK/FFMPEG/Car-eye-FFMPEG/toolchain-android/sysroot -o conftest    conftest.c  >&5
configure:3076: $? = 0
configure:3083: ./conftest
./configure: line 3085: ./conftest: No such file or directory
configure:3087: $? = 127
configure:3102: result: yes
configure:3107: checking for suffix of object files
configure:3129: /home/NDK/FFMPEG/Car-eye-FFMPEG/toolchain-android/bin/i686-linux-android-gcc --sysroot=/home/NDK/FFMPEG/Car-eye-FFMPEG/toolchain-android/sysroot -c   conftest.c >&5
configure:3133: $? = 0
configure:3154: result: o
configure:3158: checking whether we are using the GNU C compiler
configure:3177: /home/NDK/FFMPEG/Car-eye-FFMPEG/toolchain-android/bin/i686-linux-android-gcc --sysroot=/home/NDK/FFMPEG/Car-eye-FFMPEG/toolchain-android/sysroot -c   conftest.c >&5
configure:3177: $? = 0
configure:3186: result: yes
configure:3195: checking whether /home/NDK/FFMPEG/Car-eye-FFMPEG/toolchain-android/bin/i686-linux-android-gcc --sysroot=/home/NDK/FFMPEG/Car-eye-FFMPEG/toolchain-android/sysroot accepts -g
configure:3215: /home/NDK/FFMPEG/Car-eye-FFMPEG/toolchain-android/bin/i686-linux-android-gcc --sysroot=/home/NDK/FFMPEG/Car-eye-FFMPEG/toolchain-android/sysroot -c -g  conftest.c >&5
configure:3215: $? = 0
configure:3256: result: yes
configure:3273: checking for /home/NDK/FFMPEG/Car-eye-FFMPEG/toolchain-android/bin/i686-linux-android-gcc --sysroot=/home/NDK/FFMPEG/Car-eye-FFMPEG/toolchain-android/sysroot option to accept ISO C89
configure:3337: /home/NDK/FFMPEG/Car-eye-FFMPEG/toolchain-android/bin/i686-linux-android-gcc --sysroot=/home/NDK/FFMPEG/Car-eye-FFMPEG/toolchain-android/sysroot  -c -g -O2  conftest.c >&5
configure:3337: $? = 0
configure:3350: result: none needed
configure:3375: checking how to run the C preprocessor
configure:3445: result: /home/NDK/FFMPEG/Car-eye-FFMPEG/toolchain-android/bin/i686-linux-android-cpp
configure:3465: /home/NDK/FFMPEG/Car-eye-FFMPEG/toolchain-android/bin/i686-linux-android-cpp  conftest.c
configure:3465: $? = 0
configure:3479: /home/NDK/FFMPEG/Car-eye-FFMPEG/toolchain-android/bin/i686-linux-android-cpp  conftest.c
conftest.c:9:28: fatal error: ac_nonexistent.h: No such file or directory
 #include <ac_nonexistent.h>
                            ^
compilation terminated.
configure:3479: $? = 1
configure: failed program was:
| /* confdefs.h */
| #define PACKAGE_NAME "FreeType"
| #define PACKAGE_TARNAME "freetype"
| #define PACKAGE_VERSION "2.9"
| #define PACKAGE_STRING "FreeType 2.9"
| #define PACKAGE_BUGREPORT "freetype@nongnu.org"
| #define PACKAGE_URL ""
| /* end confdefs.h.  */
| #include <ac_nonexistent.h>
configure:3520: checking for x86-pkg-config
configure:3553: result: no
configure:3563: checking for pkg-config
configure:3581: found /usr/bin/pkg-config
configure:3593: result: /usr/bin/pkg-config
configure:3605: WARNING: using cross tools not prefixed with host triplet
configure:3618: checking pkg-config is at least version 0.24
configure:3621: result: yes
configure:3676: checking how to print strings
configure:3703: result: printf
configure:3724: checking for a sed that does not truncate output
configure:3788: result: /bin/sed
configure:3806: checking for grep that handles long lines and -e
configure:3864: result: /bin/grep
configure:3869: checking for egrep
configure:3931: result: /bin/grep -E
configure:3936: checking for fgrep
configure:3998: result: /bin/grep -F
configure:4033: checking for ld used by /home/NDK/FFMPEG/Car-eye-FFMPEG/toolchain-android/bin/i686-linux-android-gcc --sysroot=/home/NDK/FFMPEG/Car-eye-FFMPEG/toolchain-android/sysroot
configure:4100: result: /home/NDK/FFMPEG/Car-eye-FFMPEG/toolchain-android/bin/i686-linux-android-ld
configure:4107: checking if the linker (/home/NDK/FFMPEG/Car-eye-FFMPEG/toolchain-android/bin/i686-linux-android-ld) is GNU ld
configure:4122: result: yes
configure:4134: checking for BSD- or MS-compatible name lister (nm)
configure:4183: result: /home/NDK/FFMPEG/Car-eye-FFMPEG/toolchain-android/bin/i686-linux-android-nm
configure:4313: checking the name lister (/home/NDK/FFMPEG/Car-eye-FFMPEG/toolchain-android/bin/i686-linux-android-nm) interface
configure:4320: /home/NDK/FFMPEG/Car-eye-FFMPEG/toolchain-android/bin/i686-linux-android-gcc --sysroot=/home/NDK/FFMPEG/Car-eye-FFMPEG/toolchain-android/sysroot -c -g -O2  conftest.c >&5
configure:4323: /home/NDK/FFMPEG/Car-eye-FFMPEG/toolchain-android/bin/i686-linux-android-nm "conftest.o"
configure:4326: output
00000000 B some_variable
configure:4333: result: BSD nm
configure:4336: checking whether ln -s works
configure:4340: result: yes
configure:4348: checking the maximum length of command line arguments
configure:4478: result: 3458764513820540925
configure:4495: checking whether the shell understands some XSI constructs
configure:4505: result: yes
configure:4509: checking whether the shell understands "+="
configure:4515: result: yes
configure:4550: checking how to convert x86_64-unknown-linux-gnu file names to x86-unknown-none format
configure:4590: result: func_convert_file_noop
configure:4597: checking how to convert x86_64-unknown-linux-gnu file names to toolchain format
configure:4617: result: func_convert_file_noop
configure:4624: checking for /home/NDK/FFMPEG/Car-eye-FFMPEG/toolchain-android/bin/i686-linux-android-ld option to reload object files
configure:4631: result: -r
configure:4665: checking for x86-objdump
configure:4692: result: /home/NDK/FFMPEG/Car-eye-FFMPEG/toolchain-android/bin/i686-linux-android-objdump
configure:4761: checking how to recognize dependent libraries
configure:4963: result: unknown
configure:5008: checking for x86-dlltool
configure:5038: result: no
configure:5048: checking for dlltool
configure:5078: result: no
configure:5105: checking how to associate runtime and link libraries
configure:5132: result: printf %s\n
configure:5149: checking for x86-ar
configure:5176: result: /home/NDK/FFMPEG/Car-eye-FFMPEG/toolchain-android/bin/i686-linux-android-ar
configure:5257: checking for archiver @FILE support
configure:5274: /home/NDK/FFMPEG/Car-eye-FFMPEG/toolchain-android/bin/i686-linux-android-gcc --sysroot=/home/NDK/FFMPEG/Car-eye-FFMPEG/toolchain-android/sysroot -c -g -O2  conftest.c >&5
configure:5274: $? = 0
configure:5277: /home/NDK/FFMPEG/Car-eye-FFMPEG/toolchain-android/bin/i686-linux-android-ar cru libconftest.a @conftest.lst >&5
configure:5280: $? = 0
configure:5285: /home/NDK/FFMPEG/Car-eye-FFMPEG/toolchain-android/bin/i686-linux-android-ar cru libconftest.a @conftest.lst >&5
/home/NDK/FFMPEG/Car-eye-FFMPEG/toolchain-android/bin/i686-linux-android-ar: conftest.o: No such file or directory
configure:5288: $? = 1
configure:5300: result: @
configure:5318: checking for x86-strip
configure:5345: result: /home/NDK/FFMPEG/Car-eye-FFMPEG/toolchain-android/bin/i686-linux-android-strip
configure:5417: checking for x86-ranlib
configure:5444: result: /home/NDK/FFMPEG/Car-eye-FFMPEG/toolchain-android/bin/i686-linux-android-ranlib
configure:5561: checking for gawk
configure:5577: found /usr/bin/gawk
configure:5588: result: gawk
configure:5628: checking command to parse /home/NDK/FFMPEG/Car-eye-FFMPEG/toolchain-android/bin/i686-linux-android-nm output from /home/NDK/FFMPEG/Car-eye-FFMPEG/toolchain-android/bin/i686-linux-android-gcc --sysroot=/home/NDK/FFMPEG/Car-eye-FFMPEG/toolchain-android/sysroot object
configure:5748: /home/NDK/FFMPEG/Car-eye-FFMPEG/toolchain-android/bin/i686-linux-android-gcc --sysroot=/home/NDK/FFMPEG/Car-eye-FFMPEG/toolchain-android/sysroot -c -g -O2  conftest.c >&5
configure:5751: $? = 0
configure:5755: /home/NDK/FFMPEG/Car-eye-FFMPEG/toolchain-android/bin/i686-linux-android-nm conftest.o \| sed -n -e 's/^.*[ ]\([ABCDGIRSTW][ABCDGIRSTW]*\)[ ][ ]*\([_A-Za-z][_A-Za-z0-9]*\)$/\1 \2 \2/p' | sed '/ __gnu_lto/d' \> conftest.nm
configure:5758: $? = 0
configure:5824: /home/NDK/FFMPEG/Car-eye-FFMPEG/toolchain-android/bin/i686-linux-android-gcc --sysroot=/home/NDK/FFMPEG/Car-eye-FFMPEG/toolchain-android/sysroot -o conftest -g -O2   conftest.c conftstm.o >&5
configure:5827: $? = 0
configure:5865: result: ok
configure:5902: checking for sysroot
configure:5932: result: /home/NDK/FFMPEG/Car-eye-FFMPEG/toolchain-android/sysroot
configure:6148: checking for x86-mt
configure:6178: result: no
configure:6188: checking for mt
configure:6204: found /bin/mt
configure:6215: result: mt
configure:6238: checking if mt is a manifest tool
configure:6244: mt '-?'
configure:6252: result: no
configure:6890: checking for ANSI C header files
configure:6910: /home/NDK/FFMPEG/Car-eye-FFMPEG/toolchain-android/bin/i686-linux-android-gcc --sysroot=/home/NDK/FFMPEG/Car-eye-FFMPEG/toolchain-android/sysroot -c -g -O2  conftest.c >&5
configure:6910: $? = 0
configure:6994: result: yes
configure:7007: checking for sys/types.h
configure:7007: /home/NDK/FFMPEG/Car-eye-FFMPEG/toolchain-android/bin/i686-linux-android-gcc --sysroot=/home/NDK/FFMPEG/Car-eye-FFMPEG/toolchain-android/sysroot -c -g -O2  conftest.c >&5
configure:7007: $? = 0
configure:7007: result: yes
configure:7007: checking for sys/stat.h
configure:7007: /home/NDK/FFMPEG/Car-eye-FFMPEG/toolchain-android/bin/i686-linux-android-gcc --sysroot=/home/NDK/FFMPEG/Car-eye-FFMPEG/toolchain-android/sysroot -c -g -O2  conftest.c >&5
configure:7007: $? = 0
configure:7007: result: yes
configure:7007: checking for stdlib.h
configure:7007: /home/NDK/FFMPEG/Car-eye-FFMPEG/toolchain-android/bin/i686-linux-android-gcc --sysroot=/home/NDK/FFMPEG/Car-eye-FFMPEG/toolchain-android/sysroot -c -g -O2  conftest.c >&5
configure:7007: $? = 0
configure:7007: result: yes
configure:7007: checking for string.h
configure:7007: /home/NDK/FFMPEG/Car-eye-FFMPEG/toolchain-android/bin/i686-linux-android-gcc --sysroot=/home/NDK/FFMPEG/Car-eye-FFMPEG/toolchain-android/sysroot -c -g -O2  conftest.c >&5
configure:7007: $? = 0
configure:7007: result: yes
configure:7007: checking for memory.h
configure:7007: /home/NDK/FFMPEG/Car-eye-FFMPEG/toolchain-android/bin/i686-linux-android-gcc --sysroot=/home/NDK/FFMPEG/Car-eye-FFMPEG/toolchain-android/sysroot -c -g -O2  conftest.c >&5
configure:7007: $? = 0
configure:7007: result: yes
configure:7007: checking for strings.h
configure:7007: /home/NDK/FFMPEG/Car-eye-FFMPEG/toolchain-android/bin/i686-linux-android-gcc --sysroot=/home/NDK/FFMPEG/Car-eye-FFMPEG/toolchain-android/sysroot -c -g -O2  conftest.c >&5
configure:7007: $? = 0
configure:7007: result: yes
configure:7007: checking for inttypes.h
configure:7007: /home/NDK/FFMPEG/Car-eye-FFMPEG/toolchain-android/bin/i686-linux-android-gcc --sysroot=/home/NDK/FFMPEG/Car-eye-FFMPEG/toolchain-android/sysroot -c -g -O2  conftest.c >&5
configure:7007: $? = 0
configure:7007: result: yes
configure:7007: checking for stdint.h
configure:7007: /home/NDK/FFMPEG/Car-eye-FFMPEG/toolchain-android/bin/i686-linux-android-gcc --sysroot=/home/NDK/FFMPEG/Car-eye-FFMPEG/toolchain-android/sysroot -c -g -O2  conftest.c >&5
configure:7007: $? = 0
configure:7007: result: yes
configure:7007: checking for unistd.h
configure:7007: /home/NDK/FFMPEG/Car-eye-FFMPEG/toolchain-android/bin/i686-linux-android-gcc --sysroot=/home/NDK/FFMPEG/Car-eye-FFMPEG/toolchain-android/sysroot -c -g -O2  conftest.c >&5
configure:7007: $? = 0
configure:7007: result: yes
configure:7021: checking for dlfcn.h
configure:7021: /home/NDK/FFMPEG/Car-eye-FFMPEG/toolchain-android/bin/i686-linux-android-gcc --sysroot=/home/NDK/FFMPEG/Car-eye-FFMPEG/toolchain-android/sysroot -c -g -O2  conftest.c >&5
configure:7021: $? = 0
configure:7021: result: yes
configure:7525: checking for objdir
configure:7540: result: .libs
configure:7807: checking if /home/NDK/FFMPEG/Car-eye-FFMPEG/toolchain-android/bin/i686-linux-android-gcc --sysroot=/home/NDK/FFMPEG/Car-eye-FFMPEG/toolchain-android/sysroot supports -fno-rtti -fno-exceptions
configure:7825: /home/NDK/FFMPEG/Car-eye-FFMPEG/toolchain-android/bin/i686-linux-android-gcc --sysroot=/home/NDK/FFMPEG/Car-eye-FFMPEG/toolchain-android/sysroot -c -g -O2  -fno-rtti -fno-exceptions conftest.c >&5
cc1: warning: command line option '-fno-rtti' is valid for C++/ObjC++ but not for C
configure:7829: $? = 0
configure:7842: result: no
configure:8169: checking for /home/NDK/FFMPEG/Car-eye-FFMPEG/toolchain-android/bin/i686-linux-android-gcc --sysroot=/home/NDK/FFMPEG/Car-eye-FFMPEG/toolchain-android/sysroot option to produce PIC
configure:8176: result: -fPIC -DPIC
configure:8184: checking if /home/NDK/FFMPEG/Car-eye-FFMPEG/toolchain-android/bin/i686-linux-android-gcc --sysroot=/home/NDK/FFMPEG/Car-eye-FFMPEG/toolchain-android/sysroot PIC flag -fPIC -DPIC works
configure:8202: /home/NDK/FFMPEG/Car-eye-FFMPEG/toolchain-android/bin/i686-linux-android-gcc --sysroot=/home/NDK/FFMPEG/Car-eye-FFMPEG/toolchain-android/sysroot -c -g -O2  -fPIC -DPIC -DPIC conftest.c >&5
configure:8206: $? = 0
configure:8219: result: yes
configure:8248: checking if /home/NDK/FFMPEG/Car-eye-FFMPEG/toolchain-android/bin/i686-linux-android-gcc --sysroot=/home/NDK/FFMPEG/Car-eye-FFMPEG/toolchain-android/sysroot static flag -static works
configure:8276: result: yes
configure:8291: checking if /home/NDK/FFMPEG/Car-eye-FFMPEG/toolchain-android/bin/i686-linux-android-gcc --sysroot=/home/NDK/FFMPEG/Car-eye-FFMPEG/toolchain-android/sysroot supports -c -o file.o
configure:8312: /home/NDK/FFMPEG/Car-eye-FFMPEG/toolchain-android/bin/i686-linux-android-gcc --sysroot=/home/NDK/FFMPEG/Car-eye-FFMPEG/toolchain-android/sysroot -c -g -O2  -o out/conftest2.o conftest.c >&5
configure:8316: $? = 0
configure:8338: result: yes
configure:8346: checking if /home/NDK/FFMPEG/Car-eye-FFMPEG/toolchain-android/bin/i686-linux-android-gcc --sysroot=/home/NDK/FFMPEG/Car-eye-FFMPEG/toolchain-android/sysroot supports -c -o file.o
configure:8393: result: yes
configure:8426: checking whether the /home/NDK/FFMPEG/Car-eye-FFMPEG/toolchain-android/bin/i686-linux-android-gcc --sysroot=/home/NDK/FFMPEG/Car-eye-FFMPEG/toolchain-android/sysroot linker (/home/NDK/FFMPEG/Car-eye-FFMPEG/toolchain-android/bin/i686-linux-android-ld) supports shared libraries
configure:9583: result: yes
configure:9823: checking dynamic linker characteristics
configure:10568: result: no
configure:10675: checking how to hardcode library paths into programs
configure:10700: result: immediate
configure:11240: checking whether stripping libraries is possible
configure:11245: result: yes
configure:11280: checking if libtool supports shared libraries
configure:11282: result: no
configure:11285: checking whether to build shared libraries
configure:11306: result: no
configure:11309: checking whether to build static libraries
configure:11313: result: yes
configure:11357: checking for x86_64-unknown-linux-gnu-gcc
configure:11387: result: no
configure:11394: checking for gcc
configure:11410: found /usr/bin/gcc
configure:11421: result: gcc
configure:11431: checking for gcc
configure:11475: result: gcc
configure:11485: checking for suffix of native executables
configure:11499: result: 
configure:11529: checking for a BSD-compatible install
configure:11597: result: /usr/bin/install -c
configure:11616: checking for a thread-safe mkdir -p
configure:11655: result: /bin/mkdir -p
configure:11669: checking for ANSI C header files
configure:11773: result: yes
configure:11784: checking fcntl.h usability
configure:11784: /home/NDK/FFMPEG/Car-eye-FFMPEG/toolchain-android/bin/i686-linux-android-gcc --sysroot=/home/NDK/FFMPEG/Car-eye-FFMPEG/toolchain-android/sysroot -c -g -O2  conftest.c >&5
configure:11784: $? = 0
configure:11784: result: yes
configure:11784: checking fcntl.h presence
configure:11784: /home/NDK/FFMPEG/Car-eye-FFMPEG/toolchain-android/bin/i686-linux-android-cpp  conftest.c
configure:11784: $? = 0
configure:11784: result: yes
configure:11784: checking for fcntl.h
configure:11784: result: yes
configure:11784: checking for unistd.h
configure:11784: result: yes
configure:11798: checking for an ANSI C-conforming const
configure:11863: /home/NDK/FFMPEG/Car-eye-FFMPEG/toolchain-android/bin/i686-linux-android-gcc --sysroot=/home/NDK/FFMPEG/Car-eye-FFMPEG/toolchain-android/sysroot -c -g -O2  conftest.c >&5
configure:11863: $? = 0
configure:11870: result: yes
configure:11882: checking size of int
configure:11887: /home/NDK/FFMPEG/Car-eye-FFMPEG/toolchain-android/bin/i686-linux-android-gcc --sysroot=/home/NDK/FFMPEG/Car-eye-FFMPEG/toolchain-android/sysroot -c -g -O2  conftest.c >&5
configure:11887: $? = 0
configure:11887: /home/NDK/FFMPEG/Car-eye-FFMPEG/toolchain-android/bin/i686-linux-android-gcc --sysroot=/home/NDK/FFMPEG/Car-eye-FFMPEG/toolchain-android/sysroot -c -g -O2  conftest.c >&5
conftest.c: In function 'main':
conftest.c:60:12: error: size of array 'test_array' is negative
 static int test_array [1 - 2 * !(((long int) (sizeof (int))) <= 0)];
            ^
configure:11887: $? = 1
configure: failed program was:
| /* confdefs.h */
| #define PACKAGE_NAME "FreeType"
| #define PACKAGE_TARNAME "freetype"
| #define PACKAGE_VERSION "2.9"
| #define PACKAGE_STRING "FreeType 2.9"
| #define PACKAGE_BUGREPORT "freetype@nongnu.org"
| #define PACKAGE_URL ""
| #define STDC_HEADERS 1
| #define HAVE_SYS_TYPES_H 1
| #define HAVE_SYS_STAT_H 1
| #define HAVE_STDLIB_H 1
| #define HAVE_STRING_H 1
| #define HAVE_MEMORY_H 1
| #define HAVE_STRINGS_H 1
| #define HAVE_INTTYPES_H 1
| #define HAVE_STDINT_H 1
| #define HAVE_UNISTD_H 1
| #define HAVE_DLFCN_H 1
| #define LT_OBJDIR ".libs/"
| #define STDC_HEADERS 1
| #define HAVE_FCNTL_H 1
| #define HAVE_UNISTD_H 1
| /* end confdefs.h.  */
| #include <stdio.h>
| #ifdef HAVE_SYS_TYPES_H
| # include <sys/types.h>
| #endif
| #ifdef HAVE_SYS_STAT_H
| # include <sys/stat.h>
| #endif
| #ifdef STDC_HEADERS
| # include <stdlib.h>
| # include <stddef.h>
| #else
| # ifdef HAVE_STDLIB_H
| #  include <stdlib.h>
| # endif
| #endif
| #ifdef HAVE_STRING_H
| # if !defined STDC_HEADERS && defined HAVE_MEMORY_H
| #  include <memory.h>
| # endif
| # include <string.h>
| #endif
| #ifdef HAVE_STRINGS_H
| # include <strings.h>
| #endif
| #ifdef HAVE_INTTYPES_H
| # include <inttypes.h>
| #endif
| #ifdef HAVE_STDINT_H
| # include <stdint.h>
| #endif
| #ifdef HAVE_UNISTD_H
| # include <unistd.h>
| #endif
| int
| main ()
| {
| static int test_array [1 - 2 * !(((long int) (sizeof (int))) <= 0)];
| test_array [0] = 0
| 
|   ;
|   return 0;
| }
configure:11887: /home/NDK/FFMPEG/Car-eye-FFMPEG/toolchain-android/bin/i686-linux-android-gcc --sysroot=/home/NDK/FFMPEG/Car-eye-FFMPEG/toolchain-android/sysroot -c -g -O2  conftest.c >&5
conftest.c: In function 'main':
conftest.c:60:12: error: size of array 'test_array' is negative
 static int test_array [1 - 2 * !(((long int) (sizeof (int))) <= 1)];
            ^
configure:11887: $? = 1
configure: failed program was:
| /* confdefs.h */
| #define PACKAGE_NAME "FreeType"
| #define PACKAGE_TARNAME "freetype"
| #define PACKAGE_VERSION "2.9"
| #define PACKAGE_STRING "FreeType 2.9"
| #define PACKAGE_BUGREPORT "freetype@nongnu.org"
| #define PACKAGE_URL ""
| #define STDC_HEADERS 1
| #define HAVE_SYS_TYPES_H 1
| #define HAVE_SYS_STAT_H 1
| #define HAVE_STDLIB_H 1
| #define HAVE_STRING_H 1
| #define HAVE_MEMORY_H 1
| #define HAVE_STRINGS_H 1
| #define HAVE_INTTYPES_H 1
| #define HAVE_STDINT_H 1
| #define HAVE_UNISTD_H 1
| #define HAVE_DLFCN_H 1
| #define LT_OBJDIR ".libs/"
| #define STDC_HEADERS 1
| #define HAVE_FCNTL_H 1
| #define HAVE_UNISTD_H 1
| /* end confdefs.h.  */
| #include <stdio.h>
| #ifdef HAVE_SYS_TYPES_H
| # include <sys/types.h>
| #endif
| #ifdef HAVE_SYS_STAT_H
| # include <sys/stat.h>
| #endif
| #ifdef STDC_HEADERS
| # include <stdlib.h>
| # include <stddef.h>
| #else
| # ifdef HAVE_STDLIB_H
| #  include <stdlib.h>
| # endif
| #endif
| #ifdef HAVE_STRING_H
| # if !defined STDC_HEADERS && defined HAVE_MEMORY_H
| #  include <memory.h>
| # endif
| # include <string.h>
| #endif
| #ifdef HAVE_STRINGS_H
| # include <strings.h>
| #endif
| #ifdef HAVE_INTTYPES_H
| # include <inttypes.h>
| #endif
| #ifdef HAVE_STDINT_H
| # include <stdint.h>
| #endif
| #ifdef HAVE_UNISTD_H
| # include <unistd.h>
| #endif
| int
| main ()
| {
| static int test_array [1 - 2 * !(((long int) (sizeof (int))) <= 1)];
| test_array [0] = 0
| 
|   ;
|   return 0;
| }
configure:11887: /home/NDK/FFMPEG/Car-eye-FFMPEG/toolchain-android/bin/i686-linux-android-gcc --sysroot=/home/NDK/FFMPEG/Car-eye-FFMPEG/toolchain-android/sysroot -c -g -O2  conftest.c >&5
conftest.c: In function 'main':
conftest.c:60:12: error: size of array 'test_array' is negative
 static int test_array [1 - 2 * !(((long int) (sizeof (int))) <= 3)];
            ^
configure:11887: $? = 1
configure: failed program was:
| /* confdefs.h */
| #define PACKAGE_NAME "FreeType"
| #define PACKAGE_TARNAME "freetype"
| #define PACKAGE_VERSION "2.9"
| #define PACKAGE_STRING "FreeType 2.9"
| #define PACKAGE_BUGREPORT "freetype@nongnu.org"
| #define PACKAGE_URL ""
| #define STDC_HEADERS 1
| #define HAVE_SYS_TYPES_H 1
| #define HAVE_SYS_STAT_H 1
| #define HAVE_STDLIB_H 1
| #define HAVE_STRING_H 1
| #define HAVE_MEMORY_H 1
| #define HAVE_STRINGS_H 1
| #define HAVE_INTTYPES_H 1
| #define HAVE_STDINT_H 1
| #define HAVE_UNISTD_H 1
| #define HAVE_DLFCN_H 1
| #define LT_OBJDIR ".libs/"
| #define STDC_HEADERS 1
| #define HAVE_FCNTL_H 1
| #define HAVE_UNISTD_H 1
| /* end confdefs.h.  */
| #include <stdio.h>
| #ifdef HAVE_SYS_TYPES_H
| # include <sys/types.h>
| #endif
| #ifdef HAVE_SYS_STAT_H
| # include <sys/stat.h>
| #endif
| #ifdef STDC_HEADERS
| # include <stdlib.h>
| # include <stddef.h>
| #else
| # ifdef HAVE_STDLIB_H
| #  include <stdlib.h>
| # endif
| #endif
| #ifdef HAVE_STRING_H
| # if !defined STDC_HEADERS && defined HAVE_MEMORY_H
| #  include <memory.h>
| # endif
| # include <string.h>
| #endif
| #ifdef HAVE_STRINGS_H
| # include <strings.h>
| #endif
| #ifdef HAVE_INTTYPES_H
| # include <inttypes.h>
| #endif
| #ifdef HAVE_STDINT_H
| # include <stdint.h>
| #endif
| #ifdef HAVE_UNISTD_H
| # include <unistd.h>
| #endif
| int
| main ()
| {
| static int test_array [1 - 2 * !(((long int) (sizeof (int))) <= 3)];
| test_array [0] = 0
| 
|   ;
|   return 0;
| }
configure:11887: /home/NDK/FFMPEG/Car-eye-FFMPEG/toolchain-android/bin/i686-linux-android-gcc --sysroot=/home/NDK/FFMPEG/Car-eye-FFMPEG/toolchain-android/sysroot -c -g -O2  conftest.c >&5
configure:11887: $? = 0
configure:11887: /home/NDK/FFMPEG/Car-eye-FFMPEG/toolchain-android/bin/i686-linux-android-gcc --sysroot=/home/NDK/FFMPEG/Car-eye-FFMPEG/toolchain-android/sysroot -c -g -O2  conftest.c >&5
configure:11887: $? = 0
configure:11887: /home/NDK/FFMPEG/Car-eye-FFMPEG/toolchain-android/bin/i686-linux-android-gcc --sysroot=/home/NDK/FFMPEG/Car-eye-FFMPEG/toolchain-android/sysroot -c -g -O2  conftest.c >&5
configure:11887: $? = 0
configure:11901: result: 4
configure:11915: checking size of long
configure:11920: /home/NDK/FFMPEG/Car-eye-FFMPEG/toolchain-android/bin/i686-linux-android-gcc --sysroot=/home/NDK/FFMPEG/Car-eye-FFMPEG/toolchain-android/sysroot -c -g -O2  conftest.c >&5
configure:11920: $? = 0
configure:11920: /home/NDK/FFMPEG/Car-eye-FFMPEG/toolchain-android/bin/i686-linux-android-gcc --sysroot=/home/NDK/FFMPEG/Car-eye-FFMPEG/toolchain-android/sysroot -c -g -O2  conftest.c >&5
conftest.c: In function 'main':
conftest.c:61:12: error: size of array 'test_array' is negative
 static int test_array [1 - 2 * !(((long int) (sizeof (long))) <= 0)];
            ^
configure:11920: $? = 1
configure: failed program was:
| /* confdefs.h */
| #define PACKAGE_NAME "FreeType"
| #define PACKAGE_TARNAME "freetype"
| #define PACKAGE_VERSION "2.9"
| #define PACKAGE_STRING "FreeType 2.9"
| #define PACKAGE_BUGREPORT "freetype@nongnu.org"
| #define PACKAGE_URL ""
| #define STDC_HEADERS 1
| #define HAVE_SYS_TYPES_H 1
| #define HAVE_SYS_STAT_H 1
| #define HAVE_STDLIB_H 1
| #define HAVE_STRING_H 1
| #define HAVE_MEMORY_H 1
| #define HAVE_STRINGS_H 1
| #define HAVE_INTTYPES_H 1
| #define HAVE_STDINT_H 1
| #define HAVE_UNISTD_H 1
| #define HAVE_DLFCN_H 1
| #define LT_OBJDIR ".libs/"
| #define STDC_HEADERS 1
| #define HAVE_FCNTL_H 1
| #define HAVE_UNISTD_H 1
| #define SIZEOF_INT 4
| /* end confdefs.h.  */
| #include <stdio.h>
| #ifdef HAVE_SYS_TYPES_H
| # include <sys/types.h>
| #endif
| #ifdef HAVE_SYS_STAT_H
| # include <sys/stat.h>
| #endif
| #ifdef STDC_HEADERS
| # include <stdlib.h>
| # include <stddef.h>
| #else
| # ifdef HAVE_STDLIB_H
| #  include <stdlib.h>
| # endif
| #endif
| #ifdef HAVE_STRING_H
| # if !defined STDC_HEADERS && defined HAVE_MEMORY_H
| #  include <memory.h>
| # endif
| # include <string.h>
| #endif
| #ifdef HAVE_STRINGS_H
| # include <strings.h>
| #endif
| #ifdef HAVE_INTTYPES_H
| # include <inttypes.h>
| #endif
| #ifdef HAVE_STDINT_H
| # include <stdint.h>
| #endif
| #ifdef HAVE_UNISTD_H
| # include <unistd.h>
| #endif
| int
| main ()
| {
| static int test_array [1 - 2 * !(((long int) (sizeof (long))) <= 0)];
| test_array [0] = 0
| 
|   ;
|   return 0;
| }
configure:11920: /home/NDK/FFMPEG/Car-eye-FFMPEG/toolchain-android/bin/i686-linux-android-gcc --sysroot=/home/NDK/FFMPEG/Car-eye-FFMPEG/toolchain-android/sysroot -c -g -O2  conftest.c >&5
conftest.c: In function 'main':
conftest.c:61:12: error: size of array 'test_array' is negative
 static int test_array [1 - 2 * !(((long int) (sizeof (long))) <= 1)];
            ^
configure:11920: $? = 1
configure: failed program was:
| /* confdefs.h */
| #define PACKAGE_NAME "FreeType"
| #define PACKAGE_TARNAME "freetype"
| #define PACKAGE_VERSION "2.9"
| #define PACKAGE_STRING "FreeType 2.9"
| #define PACKAGE_BUGREPORT "freetype@nongnu.org"
| #define PACKAGE_URL ""
| #define STDC_HEADERS 1
| #define HAVE_SYS_TYPES_H 1
| #define HAVE_SYS_STAT_H 1
| #define HAVE_STDLIB_H 1
| #define HAVE_STRING_H 1
| #define HAVE_MEMORY_H 1
| #define HAVE_STRINGS_H 1
| #define HAVE_INTTYPES_H 1
| #define HAVE_STDINT_H 1
| #define HAVE_UNISTD_H 1
| #define HAVE_DLFCN_H 1
| #define LT_OBJDIR ".libs/"
| #define STDC_HEADERS 1
| #define HAVE_FCNTL_H 1
| #define HAVE_UNISTD_H 1
| #define SIZEOF_INT 4
| /* end confdefs.h.  */
| #include <stdio.h>
| #ifdef HAVE_SYS_TYPES_H
| # include <sys/types.h>
| #endif
| #ifdef HAVE_SYS_STAT_H
| # include <sys/stat.h>
| #endif
| #ifdef STDC_HEADERS
| # include <stdlib.h>
| # include <stddef.h>
| #else
| # ifdef HAVE_STDLIB_H
| #  include <stdlib.h>
| # endif
| #endif
| #ifdef HAVE_STRING_H
| # if !defined STDC_HEADERS && defined HAVE_MEMORY_H
| #  include <memory.h>
| # endif
| # include <string.h>
| #endif
| #ifdef HAVE_STRINGS_H
| # include <strings.h>
| #endif
| #ifdef HAVE_INTTYPES_H
| # include <inttypes.h>
| #endif
| #ifdef HAVE_STDINT_H
| # include <stdint.h>
| #endif
| #ifdef HAVE_UNISTD_H
| # include <unistd.h>
| #endif
| int
| main ()
| {
| static int test_array [1 - 2 * !(((long int) (sizeof (long))) <= 1)];
| test_array [0] = 0
| 
|   ;
|   return 0;
| }
configure:11920: /home/NDK/FFMPEG/Car-eye-FFMPEG/toolchain-android/bin/i686-linux-android-gcc --sysroot=/home/NDK/FFMPEG/Car-eye-FFMPEG/toolchain-android/sysroot -c -g -O2  conftest.c >&5
conftest.c: In function 'main':
conftest.c:61:12: error: size of array 'test_array' is negative
 static int test_array [1 - 2 * !(((long int) (sizeof (long))) <= 3)];
            ^
configure:11920: $? = 1
configure: failed program was:
| /* confdefs.h */
| #define PACKAGE_NAME "FreeType"
| #define PACKAGE_TARNAME "freetype"
| #define PACKAGE_VERSION "2.9"
| #define PACKAGE_STRING "FreeType 2.9"
| #define PACKAGE_BUGREPORT "freetype@nongnu.org"
| #define PACKAGE_URL ""
| #define STDC_HEADERS 1
| #define HAVE_SYS_TYPES_H 1
| #define HAVE_SYS_STAT_H 1
| #define HAVE_STDLIB_H 1
| #define HAVE_STRING_H 1
| #define HAVE_MEMORY_H 1
| #define HAVE_STRINGS_H 1
| #define HAVE_INTTYPES_H 1
| #define HAVE_STDINT_H 1
| #define HAVE_UNISTD_H 1
| #define HAVE_DLFCN_H 1
| #define LT_OBJDIR ".libs/"
| #define STDC_HEADERS 1
| #define HAVE_FCNTL_H 1
| #define HAVE_UNISTD_H 1
| #define SIZEOF_INT 4
| /* end confdefs.h.  */
| #include <stdio.h>
| #ifdef HAVE_SYS_TYPES_H
| # include <sys/types.h>
| #endif
| #ifdef HAVE_SYS_STAT_H
| # include <sys/stat.h>
| #endif
| #ifdef STDC_HEADERS
| # include <stdlib.h>
| # include <stddef.h>
| #else
| # ifdef HAVE_STDLIB_H
| #  include <stdlib.h>
| # endif
| #endif
| #ifdef HAVE_STRING_H
| # if !defined STDC_HEADERS && defined HAVE_MEMORY_H
| #  include <memory.h>
| # endif
| # include <string.h>
| #endif
| #ifdef HAVE_STRINGS_H
| # include <strings.h>
| #endif
| #ifdef HAVE_INTTYPES_H
| # include <inttypes.h>
| #endif
| #ifdef HAVE_STDINT_H
| # include <stdint.h>
| #endif
| #ifdef HAVE_UNISTD_H
| # include <unistd.h>
| #endif
| int
| main ()
| {
| static int test_array [1 - 2 * !(((long int) (sizeof (long))) <= 3)];
| test_array [0] = 0
| 
|   ;
|   return 0;
| }
configure:11920: /home/NDK/FFMPEG/Car-eye-FFMPEG/toolchain-android/bin/i686-linux-android-gcc --sysroot=/home/NDK/FFMPEG/Car-eye-FFMPEG/toolchain-android/sysroot -c -g -O2  conftest.c >&5
configure:11920: $? = 0
configure:11920: /home/NDK/FFMPEG/Car-eye-FFMPEG/toolchain-android/bin/i686-linux-android-gcc --sysroot=/home/NDK/FFMPEG/Car-eye-FFMPEG/toolchain-android/sysroot -c -g -O2  conftest.c >&5
configure:11920: $? = 0
configure:11920: /home/NDK/FFMPEG/Car-eye-FFMPEG/toolchain-android/bin/i686-linux-android-gcc --sysroot=/home/NDK/FFMPEG/Car-eye-FFMPEG/toolchain-android/sysroot -c -g -O2  conftest.c >&5
configure:11920: $? = 0
configure:11934: result: 4
configure:11945: checking for long long int
configure:11982: /home/NDK/FFMPEG/Car-eye-FFMPEG/toolchain-android/bin/i686-linux-android-gcc --sysroot=/home/NDK/FFMPEG/Car-eye-FFMPEG/toolchain-android/sysroot -o conftest -g -O2   conftest.c  >&5
configure:11982: $? = 0
configure:12027: result: yes
configure:12039: checking whether cpp computation of bit length in ftconfig.in works
configure:12094: result: yes
configure:12123: checking for special C compiler options needed for large files
configure:12168: result: no
configure:12174: checking for _FILE_OFFSET_BITS value needed for large files
configure:12199: /home/NDK/FFMPEG/Car-eye-FFMPEG/toolchain-android/bin/i686-linux-android-gcc --sysroot=/home/NDK/FFMPEG/Car-eye-FFMPEG/toolchain-android/sysroot -c -g -O2  conftest.c >&5
conftest.c:33:3: warning: left shift count >= width of type
   int off_t_is_large[(LARGE_OFF_T % 2147483629 == 721
   ^
conftest.c:33:3: warning: left shift count >= width of type
conftest.c:34:10: warning: left shift count >= width of type
          && LARGE_OFF_T % 2147483647 == 1)
          ^
conftest.c:34:10: warning: left shift count >= width of type
conftest.c:33:7: error: variably modified 'off_t_is_large' at file scope
   int off_t_is_large[(LARGE_OFF_T % 2147483629 == 721
       ^
configure:12199: $? = 1
configure: failed program was:
| /* confdefs.h */
| #define PACKAGE_NAME "FreeType"
| #define PACKAGE_TARNAME "freetype"
| #define PACKAGE_VERSION "2.9"
| #define PACKAGE_STRING "FreeType 2.9"
| #define PACKAGE_BUGREPORT "freetype@nongnu.org"
| #define PACKAGE_URL ""
| #define STDC_HEADERS 1
| #define HAVE_SYS_TYPES_H 1
| #define HAVE_SYS_STAT_H 1
| #define HAVE_STDLIB_H 1
| #define HAVE_STRING_H 1
| #define HAVE_MEMORY_H 1
| #define HAVE_STRINGS_H 1
| #define HAVE_INTTYPES_H 1
| #define HAVE_STDINT_H 1
| #define HAVE_UNISTD_H 1
| #define HAVE_DLFCN_H 1
| #define LT_OBJDIR ".libs/"
| #define STDC_HEADERS 1
| #define HAVE_FCNTL_H 1
| #define HAVE_UNISTD_H 1
| #define SIZEOF_INT 4
| #define SIZEOF_LONG 4
| #define HAVE_LONG_LONG_INT 1
| /* end confdefs.h.  */
| #include <sys/types.h>
|  /* Check that off_t can represent 2**63 - 1 correctly.
|     We can't simply define LARGE_OFF_T to be 9223372036854775807,
|     since some C++ compilers masquerading as C compilers
|     incorrectly reject 9223372036854775807.  */
| #define LARGE_OFF_T (((off_t) 1 << 62) - 1 + ((off_t) 1 << 62))
|   int off_t_is_large[(LARGE_OFF_T % 2147483629 == 721
| 		       && LARGE_OFF_T % 2147483647 == 1)
| 		      ? 1 : -1];
| int
| main ()
| {
| 
|   ;
|   return 0;
| }
configure:12223: /home/NDK/FFMPEG/Car-eye-FFMPEG/toolchain-android/bin/i686-linux-android-gcc --sysroot=/home/NDK/FFMPEG/Car-eye-FFMPEG/toolchain-android/sysroot -c -g -O2  conftest.c >&5
conftest.c:34:3: warning: left shift count >= width of type
   int off_t_is_large[(LARGE_OFF_T % 2147483629 == 721
   ^
conftest.c:34:3: warning: left shift count >= width of type
conftest.c:35:10: warning: left shift count >= width of type
          && LARGE_OFF_T % 2147483647 == 1)
          ^
conftest.c:35:10: warning: left shift count >= width of type
conftest.c:34:7: error: variably modified 'off_t_is_large' at file scope
   int off_t_is_large[(LARGE_OFF_T % 2147483629 == 721
       ^
configure:12223: $? = 1
configure: failed program was:
| /* confdefs.h */
| #define PACKAGE_NAME "FreeType"
| #define PACKAGE_TARNAME "freetype"
| #define PACKAGE_VERSION "2.9"
| #define PACKAGE_STRING "FreeType 2.9"
| #define PACKAGE_BUGREPORT "freetype@nongnu.org"
| #define PACKAGE_URL ""
| #define STDC_HEADERS 1
| #define HAVE_SYS_TYPES_H 1
| #define HAVE_SYS_STAT_H 1
| #define HAVE_STDLIB_H 1
| #define HAVE_STRING_H 1
| #define HAVE_MEMORY_H 1
| #define HAVE_STRINGS_H 1
| #define HAVE_INTTYPES_H 1
| #define HAVE_STDINT_H 1
| #define HAVE_UNISTD_H 1
| #define HAVE_DLFCN_H 1
| #define LT_OBJDIR ".libs/"
| #define STDC_HEADERS 1
| #define HAVE_FCNTL_H 1
| #define HAVE_UNISTD_H 1
| #define SIZEOF_INT 4
| #define SIZEOF_LONG 4
| #define HAVE_LONG_LONG_INT 1
| /* end confdefs.h.  */
| #define _FILE_OFFSET_BITS 64
| #include <sys/types.h>
|  /* Check that off_t can represent 2**63 - 1 correctly.
|     We can't simply define LARGE_OFF_T to be 9223372036854775807,
|     since some C++ compilers masquerading as C compilers
|     incorrectly reject 9223372036854775807.  */
| #define LARGE_OFF_T (((off_t) 1 << 62) - 1 + ((off_t) 1 << 62))
|   int off_t_is_large[(LARGE_OFF_T % 2147483629 == 721
| 		       && LARGE_OFF_T % 2147483647 == 1)
| 		      ? 1 : -1];
| int
| main ()
| {
| 
|   ;
|   return 0;
| }
configure:12231: result: unknown
configure:12243: checking for _LARGE_FILES value needed for large files
configure:12268: /home/NDK/FFMPEG/Car-eye-FFMPEG/toolchain-android/bin/i686-linux-android-gcc --sysroot=/home/NDK/FFMPEG/Car-eye-FFMPEG/toolchain-android/sysroot -c -g -O2  conftest.c >&5
conftest.c:33:3: warning: left shift count >= width of type
   int off_t_is_large[(LARGE_OFF_T % 2147483629 == 721
   ^
conftest.c:33:3: warning: left shift count >= width of type
conftest.c:34:10: warning: left shift count >= width of type
          && LARGE_OFF_T % 2147483647 == 1)
          ^
conftest.c:34:10: warning: left shift count >= width of type
conftest.c:33:7: error: variably modified 'off_t_is_large' at file scope
   int off_t_is_large[(LARGE_OFF_T % 2147483629 == 721
       ^
configure:12268: $? = 1
configure: failed program was:
| /* confdefs.h */
| #define PACKAGE_NAME "FreeType"
| #define PACKAGE_TARNAME "freetype"
| #define PACKAGE_VERSION "2.9"
| #define PACKAGE_STRING "FreeType 2.9"
| #define PACKAGE_BUGREPORT "freetype@nongnu.org"
| #define PACKAGE_URL ""
| #define STDC_HEADERS 1
| #define HAVE_SYS_TYPES_H 1
| #define HAVE_SYS_STAT_H 1
| #define HAVE_STDLIB_H 1
| #define HAVE_STRING_H 1
| #define HAVE_MEMORY_H 1
| #define HAVE_STRINGS_H 1
| #define HAVE_INTTYPES_H 1
| #define HAVE_STDINT_H 1
| #define HAVE_UNISTD_H 1
| #define HAVE_DLFCN_H 1
| #define LT_OBJDIR ".libs/"
| #define STDC_HEADERS 1
| #define HAVE_FCNTL_H 1
| #define HAVE_UNISTD_H 1
| #define SIZEOF_INT 4
| #define SIZEOF_LONG 4
| #define HAVE_LONG_LONG_INT 1
| /* end confdefs.h.  */
| #include <sys/types.h>
|  /* Check that off_t can represent 2**63 - 1 correctly.
|     We can't simply define LARGE_OFF_T to be 9223372036854775807,
|     since some C++ compilers masquerading as C compilers
|     incorrectly reject 9223372036854775807.  */
| #define LARGE_OFF_T (((off_t) 1 << 62) - 1 + ((off_t) 1 << 62))
|   int off_t_is_large[(LARGE_OFF_T % 2147483629 == 721
| 		       && LARGE_OFF_T % 2147483647 == 1)
| 		      ? 1 : -1];
| int
| main ()
| {
| 
|   ;
|   return 0;
| }
configure:12292: /home/NDK/FFMPEG/Car-eye-FFMPEG/toolchain-android/bin/i686-linux-android-gcc --sysroot=/home/NDK/FFMPEG/Car-eye-FFMPEG/toolchain-android/sysroot -c -g -O2  conftest.c >&5
conftest.c:34:3: warning: left shift count >= width of type
   int off_t_is_large[(LARGE_OFF_T % 2147483629 == 721
   ^
conftest.c:34:3: warning: left shift count >= width of type
conftest.c:35:10: warning: left shift count >= width of type
          && LARGE_OFF_T % 2147483647 == 1)
          ^
conftest.c:35:10: warning: left shift count >= width of type
conftest.c:34:7: error: variably modified 'off_t_is_large' at file scope
   int off_t_is_large[(LARGE_OFF_T % 2147483629 == 721
       ^
configure:12292: $? = 1
configure: failed program was:
| /* confdefs.h */
| #define PACKAGE_NAME "FreeType"
| #define PACKAGE_TARNAME "freetype"
| #define PACKAGE_VERSION "2.9"
| #define PACKAGE_STRING "FreeType 2.9"
| #define PACKAGE_BUGREPORT "freetype@nongnu.org"
| #define PACKAGE_URL ""
| #define STDC_HEADERS 1
| #define HAVE_SYS_TYPES_H 1
| #define HAVE_SYS_STAT_H 1
| #define HAVE_STDLIB_H 1
| #define HAVE_STRING_H 1
| #define HAVE_MEMORY_H 1
| #define HAVE_STRINGS_H 1
| #define HAVE_INTTYPES_H 1
| #define HAVE_STDINT_H 1
| #define HAVE_UNISTD_H 1
| #define HAVE_DLFCN_H 1
| #define LT_OBJDIR ".libs/"
| #define STDC_HEADERS 1
| #define HAVE_FCNTL_H 1
| #define HAVE_UNISTD_H 1
| #define SIZEOF_INT 4
| #define SIZEOF_LONG 4
| #define HAVE_LONG_LONG_INT 1
| /* end confdefs.h.  */
| #define _LARGE_FILES 1
| #include <sys/types.h>
|  /* Check that off_t can represent 2**63 - 1 correctly.
|     We can't simply define LARGE_OFF_T to be 9223372036854775807,
|     since some C++ compilers masquerading as C compilers
|     incorrectly reject 9223372036854775807.  */
| #define LARGE_OFF_T (((off_t) 1 << 62) - 1 + ((off_t) 1 << 62))
|   int off_t_is_large[(LARGE_OFF_T % 2147483629 == 721
| 		       && LARGE_OFF_T % 2147483647 == 1)
| 		      ? 1 : -1];
| int
| main ()
| {
| 
|   ;
|   return 0;
| }
configure:12300: result: unknown
configure:12331: checking for stdlib.h
configure:12331: result: yes
configure:12331: checking for unistd.h
configure:12331: result: yes
configure:12331: checking for sys/param.h
configure:12331: /home/NDK/FFMPEG/Car-eye-FFMPEG/toolchain-android/bin/i686-linux-android-gcc --sysroot=/home/NDK/FFMPEG/Car-eye-FFMPEG/toolchain-android/sysroot -c -g -O2  conftest.c >&5
configure:12331: $? = 0
configure:12331: result: yes
configure:12351: checking for getpagesize
configure:12351: /home/NDK/FFMPEG/Car-eye-FFMPEG/toolchain-android/bin/i686-linux-android-gcc --sysroot=/home/NDK/FFMPEG/Car-eye-FFMPEG/toolchain-android/sysroot -o conftest -g -O2   conftest.c  >&5
configure:12351: $? = 0
configure:12351: result: yes
configure:12360: checking for working mmap
configure:12517: result: no
configure:12585: checking for memcpy
configure:12585: /home/NDK/FFMPEG/Car-eye-FFMPEG/toolchain-android/bin/i686-linux-android-gcc --sysroot=/home/NDK/FFMPEG/Car-eye-FFMPEG/toolchain-android/sysroot -o conftest -g -O2   conftest.c  >&5
conftest.c:54:6: warning: conflicting types for built-in function 'memcpy'
 char memcpy ();
      ^
configure:12585: $? = 0
configure:12585: result: yes
configure:12585: checking for memmove
configure:12585: /home/NDK/FFMPEG/Car-eye-FFMPEG/toolchain-android/bin/i686-linux-android-gcc --sysroot=/home/NDK/FFMPEG/Car-eye-FFMPEG/toolchain-android/sysroot -o conftest -g -O2   conftest.c  >&5
conftest.c:55:6: warning: conflicting types for built-in function 'memmove'
 char memmove ();
      ^
configure:12585: $? = 0
configure:12585: result: yes
configure:12637: checking gcc compiler flag -pedantic to assure ANSI C works correctly
configure:12664: /home/NDK/FFMPEG/Car-eye-FFMPEG/toolchain-android/bin/i686-linux-android-gcc --sysroot=/home/NDK/FFMPEG/Car-eye-FFMPEG/toolchain-android/sysroot -c -g -O2  -pedantic  conftest.c >&5
configure:12664: $? = 0
configure:12665: result: ok, adding to XX_ANSIFLAGS
configure:12637: checking gcc compiler flag -ansi to assure ANSI C works correctly
configure:12664: /home/NDK/FFMPEG/Car-eye-FFMPEG/toolchain-android/bin/i686-linux-android-gcc --sysroot=/home/NDK/FFMPEG/Car-eye-FFMPEG/toolchain-android/sysroot -c -g -O2  -pedantic -ansi  conftest.c >&5
configure:12664: $? = 0
configure:12665: result: ok, adding to XX_ANSIFLAGS
configure:12729: $PKG_CONFIG --exists --print-errors "$zlib_pkg"
Package zlib was not found in the pkg-config search path.
Perhaps you should add the directory containing `zlib.pc'
to the PKG_CONFIG_PATH environment variable
No package 'zlib' found
configure:12732: $? = 1
configure:12739: checking for ZLIB
configure:12746: $PKG_CONFIG --exists --print-errors "$zlib_pkg"
Package zlib was not found in the pkg-config search path.
Perhaps you should add the directory containing `zlib.pc'
to the PKG_CONFIG_PATH environment variable
No package 'zlib' found
configure:12749: $? = 1
configure:12763: $PKG_CONFIG --exists --print-errors "$zlib_pkg"
Package zlib was not found in the pkg-config search path.
Perhaps you should add the directory containing `zlib.pc'
to the PKG_CONFIG_PATH environment variable
No package 'zlib' found
configure:12766: $? = 1
configure:12780: result: no
No package 'zlib' found
configure:12824: checking for gzsetparams in -lz
configure:12849: /home/NDK/FFMPEG/Car-eye-FFMPEG/toolchain-android/bin/i686-linux-android-gcc --sysroot=/home/NDK/FFMPEG/Car-eye-FFMPEG/toolchain-android/sysroot -o conftest -g -O2   conftest.c -lz   >&5
configure:12849: $? = 0
configure:12858: result: yes
configure:12861: checking zlib.h usability
configure:12861: /home/NDK/FFMPEG/Car-eye-FFMPEG/toolchain-android/bin/i686-linux-android-gcc --sysroot=/home/NDK/FFMPEG/Car-eye-FFMPEG/toolchain-android/sysroot -c -g -O2  conftest.c >&5
configure:12861: $? = 0
configure:12861: result: yes
configure:12861: checking zlib.h presence
configure:12861: /home/NDK/FFMPEG/Car-eye-FFMPEG/toolchain-android/bin/i686-linux-android-cpp  conftest.c
configure:12861: $? = 0
configure:12861: result: yes
configure:12861: checking for zlib.h
configure:12861: result: yes
configure:12899: $PKG_CONFIG --exists --print-errors "$bzip2_pkg"
Package bzip2 was not found in the pkg-config search path.
Perhaps you should add the directory containing `bzip2.pc'
to the PKG_CONFIG_PATH environment variable
No package 'bzip2' found
configure:12902: $? = 1
configure:12909: checking for BZIP2
configure:12916: $PKG_CONFIG --exists --print-errors "$bzip2_pkg"
Package bzip2 was not found in the pkg-config search path.
Perhaps you should add the directory containing `bzip2.pc'
to the PKG_CONFIG_PATH environment variable
No package 'bzip2' found
configure:12919: $? = 1
configure:12933: $PKG_CONFIG --exists --print-errors "$bzip2_pkg"
Package bzip2 was not found in the pkg-config search path.
Perhaps you should add the directory containing `bzip2.pc'
to the PKG_CONFIG_PATH environment variable
No package 'bzip2' found
configure:12936: $? = 1
configure:12950: result: no
No package 'bzip2' found
configure:12994: checking for BZ2_bzDecompress in -lbz2
configure:13019: /home/NDK/FFMPEG/Car-eye-FFMPEG/toolchain-android/bin/i686-linux-android-gcc --sysroot=/home/NDK/FFMPEG/Car-eye-FFMPEG/toolchain-android/sysroot -o conftest -g -O2   conftest.c -lbz2   >&5
/home/NDK/FFMPEG/Car-eye-FFMPEG/toolchain-android/bin/../lib/gcc/i686-linux-android/4.9/../../../../i686-linux-android/bin/ld: error: cannot find -lbz2
conftest.c:44: error: undefined reference to 'BZ2_bzDecompress'
collect2: error: ld returned 1 exit status
configure:13019: $? = 1
configure: failed program was:
| /* confdefs.h */
| #define PACKAGE_NAME "FreeType"
| #define PACKAGE_TARNAME "freetype"
| #define PACKAGE_VERSION "2.9"
| #define PACKAGE_STRING "FreeType 2.9"
| #define PACKAGE_BUGREPORT "freetype@nongnu.org"
| #define PACKAGE_URL ""
| #define STDC_HEADERS 1
| #define HAVE_SYS_TYPES_H 1
| #define HAVE_SYS_STAT_H 1
| #define HAVE_STDLIB_H 1
| #define HAVE_STRING_H 1
| #define HAVE_MEMORY_H 1
| #define HAVE_STRINGS_H 1
| #define HAVE_INTTYPES_H 1
| #define HAVE_STDINT_H 1
| #define HAVE_UNISTD_H 1
| #define HAVE_DLFCN_H 1
| #define LT_OBJDIR ".libs/"
| #define STDC_HEADERS 1
| #define HAVE_FCNTL_H 1
| #define HAVE_UNISTD_H 1
| #define SIZEOF_INT 4
| #define SIZEOF_LONG 4
| #define HAVE_LONG_LONG_INT 1
| #define HAVE_STDLIB_H 1
| #define HAVE_UNISTD_H 1
| #define HAVE_SYS_PARAM_H 1
| #define HAVE_GETPAGESIZE 1
| #define HAVE_MEMCPY 1
| #define HAVE_MEMMOVE 1
| /* end confdefs.h.  */
| 
| /* Override any GCC internal prototype to avoid an error.
|    Use char because int might match the return type of a GCC
|    builtin and then its argument prototype would still apply.  */
| #ifdef __cplusplus
| extern "C"
| #endif
| char BZ2_bzDecompress ();
| int
| main ()
| {
| return BZ2_bzDecompress ();
|   ;
|   return 0;
| }
configure:13028: result: no
configure:13069: $PKG_CONFIG --exists --print-errors "$libpng_pkg"
configure:13072: $? = 0
configure:13079: checking for LIBPNG
configure:13086: $PKG_CONFIG --exists --print-errors "$libpng_pkg"
configure:13089: $? = 0
configure:13103: $PKG_CONFIG --exists --print-errors "$libpng_pkg"
configure:13106: $? = 0
configure:13144: result: yes
configure:13205: $PKG_CONFIG --exists --print-errors "$harfbuzz_pkg"
Package harfbuzz was not found in the pkg-config search path.
Perhaps you should add the directory containing `harfbuzz.pc'
to the PKG_CONFIG_PATH environment variable
No package 'harfbuzz' found
configure:13208: $? = 1
configure:13215: checking for HARFBUZZ
configure:13222: $PKG_CONFIG --exists --print-errors "$harfbuzz_pkg"
Package harfbuzz was not found in the pkg-config search path.
Perhaps you should add the directory containing `harfbuzz.pc'
to the PKG_CONFIG_PATH environment variable
No package 'harfbuzz' found
configure:13225: $? = 1
configure:13239: $PKG_CONFIG --exists --print-errors "$harfbuzz_pkg"
Package harfbuzz was not found in the pkg-config search path.
Perhaps you should add the directory containing `harfbuzz.pc'
to the PKG_CONFIG_PATH environment variable
No package 'harfbuzz' found
configure:13242: $? = 1
configure:13256: result: no
No package 'harfbuzz' found
configure:13319: checking for library containing clock_gettime
configure:13350: /home/NDK/FFMPEG/Car-eye-FFMPEG/toolchain-android/bin/i686-linux-android-gcc --sysroot=/home/NDK/FFMPEG/Car-eye-FFMPEG/toolchain-android/sysroot -o conftest -g -O2   conftest.c  >&5
configure:13350: $? = 0
configure:13367: result: none required
configure:14198: creating ./config.status

## ---------------------- ##
## Running config.status. ##
## ---------------------- ##

This file was extended by FreeType config.status 2.9, which was
generated by GNU Autoconf 2.68.  Invocation command line was

  CONFIG_FILES    = 
  CONFIG_HEADERS  = 
  CONFIG_LINKS    = 
  CONFIG_COMMANDS = 
  $ ./config.status 

on ubuntu

config.status:1095: creating ftoption.h
config.status:1095: creating unix-cc.mk
config.status:1095: creating unix-def.mk
config.status:1095: creating ftconfig.h
config.status:1290: executing libtool commands
configure:16327:

Library configuration:
  external zlib: yes (autoconf test)
  bzip2:         no
  libpng:        yes (pkg-config)
  harfbuzz:      no


## ---------------- ##
## Cache variables. ##
## ---------------- ##

ac_cv_build=x86_64-unknown-linux-gnu
ac_cv_c_compiler_gnu=yes
ac_cv_c_const=yes
ac_cv_env_BZIP2_CFLAGS_set=
ac_cv_env_BZIP2_CFLAGS_value=
ac_cv_env_BZIP2_LIBS_set=
ac_cv_env_BZIP2_LIBS_value=
ac_cv_env_CC_set=set
ac_cv_env_CC_value='/home/NDK/FFMPEG/Car-eye-FFMPEG/toolchain-android/bin/i686-linux-android-gcc --sysroot=/home/NDK/FFMPEG/Car-eye-FFMPEG/toolchain-android/sysroot'
ac_cv_env_CFLAGS_set=
ac_cv_env_CFLAGS_value=
ac_cv_env_CPPFLAGS_set=
ac_cv_env_CPPFLAGS_value=
ac_cv_env_CPP_set=set
ac_cv_env_CPP_value=/home/NDK/FFMPEG/Car-eye-FFMPEG/toolchain-android/bin/i686-linux-android-cpp
ac_cv_env_HARFBUZZ_CFLAGS_set=
ac_cv_env_HARFBUZZ_CFLAGS_value=
ac_cv_env_HARFBUZZ_LIBS_set=
ac_cv_env_HARFBUZZ_LIBS_value=
ac_cv_env_LDFLAGS_set=
ac_cv_env_LDFLAGS_value=
ac_cv_env_LIBPNG_CFLAGS_set=
ac_cv_env_LIBPNG_CFLAGS_value=
ac_cv_env_LIBPNG_LIBS_set=
ac_cv_env_LIBPNG_LIBS_value=
ac_cv_env_LIBS_set=
ac_cv_env_LIBS_value=
ac_cv_env_PKG_CONFIG_LIBDIR_set=set
ac_cv_env_PKG_CONFIG_LIBDIR_value=/home/NDK/FFMPEG/Car-eye-FFMPEG/toolchain-android/lib/pkgconfig
ac_cv_env_PKG_CONFIG_PATH_set=
ac_cv_env_PKG_CONFIG_PATH_value=
ac_cv_env_PKG_CONFIG_set=
ac_cv_env_PKG_CONFIG_value=
ac_cv_env_ZLIB_CFLAGS_set=
ac_cv_env_ZLIB_CFLAGS_value=
ac_cv_env_ZLIB_LIBS_set=
ac_cv_env_ZLIB_LIBS_value=
ac_cv_env_build_alias_set=
ac_cv_env_build_alias_value=
ac_cv_env_host_alias_set=set
ac_cv_env_host_alias_value=x86
ac_cv_env_target_alias_set=
ac_cv_env_target_alias_value=
ac_cv_func_getpagesize=yes
ac_cv_func_memcpy=yes
ac_cv_func_memmove=yes
ac_cv_func_mmap_fixed_mapped=no
ac_cv_header_dlfcn_h=yes
ac_cv_header_fcntl_h=yes
ac_cv_header_inttypes_h=yes
ac_cv_header_memory_h=yes
ac_cv_header_stdc=yes
ac_cv_header_stdint_h=yes
ac_cv_header_stdlib_h=yes
ac_cv_header_string_h=yes
ac_cv_header_strings_h=yes
ac_cv_header_sys_param_h=yes
ac_cv_header_sys_stat_h=yes
ac_cv_header_sys_types_h=yes
ac_cv_header_unistd_h=yes
ac_cv_header_zlib_h=yes
ac_cv_host=x86-unknown-none
ac_cv_lib_bz2_BZ2_bzDecompress=no
ac_cv_lib_z_gzsetparams=yes
ac_cv_objext=o
ac_cv_path_EGREP='/bin/grep -E'
ac_cv_path_FGREP='/bin/grep -F'
ac_cv_path_GREP=/bin/grep
ac_cv_path_SED=/bin/sed
ac_cv_path_ac_pt_PKG_CONFIG=/usr/bin/pkg-config
ac_cv_path_install='/usr/bin/install -c'
ac_cv_path_mkdir=/bin/mkdir
ac_cv_prog_AR=/home/NDK/FFMPEG/Car-eye-FFMPEG/toolchain-android/bin/i686-linux-android-ar
ac_cv_prog_AWK=gawk
ac_cv_prog_CC='/home/NDK/FFMPEG/Car-eye-FFMPEG/toolchain-android/bin/i686-linux-android-gcc --sysroot=/home/NDK/FFMPEG/Car-eye-FFMPEG/toolchain-android/sysroot'
ac_cv_prog_CC_BUILD=gcc
ac_cv_prog_CPP=/home/NDK/FFMPEG/Car-eye-FFMPEG/toolchain-android/bin/i686-linux-android-cpp
ac_cv_prog_OBJDUMP=/home/NDK/FFMPEG/Car-eye-FFMPEG/toolchain-android/bin/i686-linux-android-objdump
ac_cv_prog_RANLIB=/home/NDK/FFMPEG/Car-eye-FFMPEG/toolchain-android/bin/i686-linux-android-ranlib
ac_cv_prog_STRIP=/home/NDK/FFMPEG/Car-eye-FFMPEG/toolchain-android/bin/i686-linux-android-strip
ac_cv_prog_ac_ct_MANIFEST_TOOL=mt
ac_cv_prog_cc_c89=
ac_cv_prog_cc_g=yes
ac_cv_search_clock_gettime='none required'
ac_cv_sizeof_int=4
ac_cv_sizeof_long=4
ac_cv_sys_file_offset_bits=unknown
ac_cv_sys_large_files=unknown
ac_cv_sys_largefile_CC=no
ac_cv_type_long_long_int=yes
lt_cv_ar_at_file=@
lt_cv_deplibs_check_method=unknown
lt_cv_file_magic_cmd='$MAGIC_CMD'
lt_cv_file_magic_test_file=
lt_cv_ld_reload_flag=-r
lt_cv_nm_interface='BSD nm'
lt_cv_objdir=.libs
lt_cv_path_LD=/home/NDK/FFMPEG/Car-eye-FFMPEG/toolchain-android/bin/i686-linux-android-ld
lt_cv_path_NM=/home/NDK/FFMPEG/Car-eye-FFMPEG/toolchain-android/bin/i686-linux-android-nm
lt_cv_path_mainfest_tool=no
lt_cv_prog_compiler_c_o=yes
lt_cv_prog_compiler_pic='-fPIC -DPIC'
lt_cv_prog_compiler_pic_works=yes
lt_cv_prog_compiler_rtti_exceptions=no
lt_cv_prog_compiler_static_works=yes
lt_cv_prog_gnu_ld=yes
lt_cv_sharedlib_from_linklib_cmd='printf %s\n'
lt_cv_sys_global_symbol_pipe='sed -n -e '\''s/^.*[	 ]\([ABCDGIRSTW][ABCDGIRSTW]*\)[	 ][	 ]*\([_A-Za-z][_A-Za-z0-9]*\)$/\1 \2 \2/p'\'' | sed '\''/ __gnu_lto/d'\'''
lt_cv_sys_global_symbol_to_c_name_address='sed -n -e '\''s/^: \([^ ]*\)[ ]*$/  {\"\1\", (void *) 0},/p'\'' -e '\''s/^[ABCDGIRSTW]* \([^ ]*\) \([^ ]*\)$/  {"\2", (void *) \&\2},/p'\'''
lt_cv_sys_global_symbol_to_c_name_address_lib_prefix='sed -n -e '\''s/^: \([^ ]*\)[ ]*$/  {\"\1\", (void *) 0},/p'\'' -e '\''s/^[ABCDGIRSTW]* \([^ ]*\) \(lib[^ ]*\)$/  {"\2", (void *) \&\2},/p'\'' -e '\''s/^[ABCDGIRSTW]* \([^ ]*\) \([^ ]*\)$/  {"lib\2", (void *) \&\2},/p'\'''
lt_cv_sys_global_symbol_to_cdecl='sed -n -e '\''s/^T .* \(.*\)$/extern int \1();/p'\'' -e '\''s/^[ABCDGIRSTW]* .* \(.*\)$/extern char \1;/p'\'''
lt_cv_sys_max_cmd_len=3458764513820540925
lt_cv_to_host_file_cmd=func_convert_file_noop
lt_cv_to_tool_file_cmd=func_convert_file_noop
pkg_cv_LIBPNG_CFLAGS='-I/home/NDK/FFMPEG/Car-eye-FFMPEG/toolchain-android/include/libpng17  '
pkg_cv_LIBPNG_LIBS='-L/home/NDK/FFMPEG/Car-eye-FFMPEG/toolchain-android/lib -lpng17  '

## ----------------- ##
## Output variables. ##
## ----------------- ##

AR='/home/NDK/FFMPEG/Car-eye-FFMPEG/toolchain-android/bin/i686-linux-android-ar'
AS='/home/NDK/FFMPEG/Car-eye-FFMPEG/toolchain-android/bin/i686-linux-android-as'
AWK='gawk'
BZIP2_CFLAGS=''
BZIP2_LIBS=''
CC='/home/NDK/FFMPEG/Car-eye-FFMPEG/toolchain-android/bin/i686-linux-android-gcc --sysroot=/home/NDK/FFMPEG/Car-eye-FFMPEG/toolchain-android/sysroot'
CC_BUILD='gcc'
CFLAGS='-g -O2  -I/home/NDK/FFMPEG/Car-eye-FFMPEG/toolchain-android/include/libpng17  '
CPP='/home/NDK/FFMPEG/Car-eye-FFMPEG/toolchain-android/bin/i686-linux-android-cpp'
CPPFLAGS=''
DEFS='-DHAVE_CONFIG_H'
DLLTOOL='false'
DSYMUTIL=''
DUMPBIN=''
ECHO_C=''
ECHO_N='-n'
ECHO_T=''
EGREP='/bin/grep -E'
EXEEXT=''
EXEEXT_BUILD=''
FGREP='/bin/grep -F'
FTSYS_SRC='$(BASE_DIR)/ftsystem.c'
GREP='/bin/grep'
HARFBUZZ_CFLAGS=''
HARFBUZZ_LIBS=''
INSTALL_DATA='${INSTALL} -m 644'
INSTALL_PROGRAM='${INSTALL}'
INSTALL_SCRIPT='${INSTALL}'
LD='/home/NDK/FFMPEG/Car-eye-FFMPEG/toolchain-android/bin/i686-linux-android-ld'
LDFLAGS=' -lz -L/home/NDK/FFMPEG/Car-eye-FFMPEG/toolchain-android/lib -lpng17  '
LIBOBJS=''
LIBPNG_CFLAGS='-I/home/NDK/FFMPEG/Car-eye-FFMPEG/toolchain-android/include/libpng17  '
LIBPNG_LIBS='-L/home/NDK/FFMPEG/Car-eye-FFMPEG/toolchain-android/lib -lpng17  '
LIBS=''
LIBSSTATIC_CONFIG='-lfreetype -lz -L/home/NDK/FFMPEG/Car-eye-FFMPEG/toolchain-android/lib -lpng17 -lz -lm'
LIBS_PRIVATE='-lz'
LIBTOOL='$(SHELL) $(top_builddir)/libtool'
LIB_CLOCK_GETTIME=''
LIPO=''
LN_S='ln -s'
LTLIBOBJS=''
MANIFEST_TOOL=':'
MKDIR_P='/bin/mkdir -p'
NM='/home/NDK/FFMPEG/Car-eye-FFMPEG/toolchain-android/bin/i686-linux-android-nm'
NMEDIT=''
OBJDUMP='/home/NDK/FFMPEG/Car-eye-FFMPEG/toolchain-android/bin/i686-linux-android-objdump'
OBJEXT='o'
OTOOL64=''
OTOOL=''
PACKAGE_BUGREPORT='freetype@nongnu.org'
PACKAGE_NAME='FreeType'
PACKAGE_STRING='FreeType 2.9'
PACKAGE_TARNAME='freetype'
PACKAGE_URL=''
PACKAGE_VERSION='2.9'
PATH_SEPARATOR=':'
PKG_CONFIG='/usr/bin/pkg-config'
PKG_CONFIG_LIBDIR='/home/NDK/FFMPEG/Car-eye-FFMPEG/toolchain-android/lib/pkgconfig'
PKG_CONFIG_PATH=''
RANLIB='/home/NDK/FFMPEG/Car-eye-FFMPEG/toolchain-android/bin/i686-linux-android-ranlib'
REQUIRES_PRIVATE='libpng'
SED='/bin/sed'
SHELL='/bin/bash'
STRIP='/home/NDK/FFMPEG/Car-eye-FFMPEG/toolchain-android/bin/i686-linux-android-strip'
XX_ANSIFLAGS=' -pedantic -ansi'
XX_CFLAGS='-Wall'
ZLIB_CFLAGS=''
ZLIB_LIBS='-lz'
ac_ct_AR=''
ac_ct_CC=''
ac_ct_DUMPBIN=''
bindir='${exec_prefix}/bin'
build='x86_64-unknown-linux-gnu'
build_alias=''
build_cpu='x86_64'
build_libtool_libs=''
build_os='linux-gnu'
build_vendor='unknown'
datadir='${datarootdir}'
datarootdir='${prefix}/share'
docdir='${datarootdir}/doc/${PACKAGE_TARNAME}'
dvidir='${docdir}'
exec_prefix='${prefix}'
ft_version='22.0.16'
ftmac_c=''
hardcode_libdir_flag_spec='${wl}-rpath ${wl}$libdir'
host='x86-unknown-none'
host_alias='x86'
host_cpu='x86'
host_os='none'
host_vendor='unknown'
htmldir='${docdir}'
includedir='${prefix}/include'
infodir='${datarootdir}/info'
libdir='${exec_prefix}/lib'
libexecdir='${exec_prefix}/libexec'
localedir='${datarootdir}/locale'
localstatedir='${prefix}/var'
mandir='${datarootdir}/man'
oldincludedir='/usr/include'
pdfdir='${docdir}'
prefix='/home/NDK/FFMPEG/Car-eye-FFMPEG/toolchain-android'
program_transform_name='s,x,x,'
psdir='${docdir}'
sbindir='${exec_prefix}/sbin'
sharedstatedir='${prefix}/com'
sysconfdir='${prefix}/etc'
target_alias=''
version_info='22:0:16'
wl='-Wl,'

## ----------- ##
## confdefs.h. ##
## ----------- ##

/* confdefs.h */
#define PACKAGE_NAME "FreeType"
#define PACKAGE_TARNAME "freetype"
#define PACKAGE_VERSION "2.9"
#define PACKAGE_STRING "FreeType 2.9"
#define PACKAGE_BUGREPORT "freetype@nongnu.org"
#define PACKAGE_URL ""
#define STDC_HEADERS 1
#define HAVE_SYS_TYPES_H 1
#define HAVE_SYS_STAT_H 1
#define HAVE_STDLIB_H 1
#define HAVE_STRING_H 1
#define HAVE_MEMORY_H 1
#define HAVE_STRINGS_H 1
#define HAVE_INTTYPES_H 1
#define HAVE_STDINT_H 1
#define HAVE_UNISTD_H 1
#define HAVE_DLFCN_H 1
#define LT_OBJDIR ".libs/"
#define STDC_HEADERS 1
#define HAVE_FCNTL_H 1
#define HAVE_UNISTD_H 1
#define SIZEOF_INT 4
#define SIZEOF_LONG 4
#define HAVE_LONG_LONG_INT 1
#define HAVE_STDLIB_H 1
#define HAVE_UNISTD_H 1
#define HAVE_SYS_PARAM_H 1
#define HAVE_GETPAGESIZE 1
#define HAVE_MEMCPY 1
#define HAVE_MEMMOVE 1

configure: exit 0
